{"/Users/jonathanramos/Developer/Websites/the-detailers-edge/src/App.jsx": {"path":"/Users/jonathanramos/Developer/Websites/the-detailers-edge/src/App.jsx","all":true,"statementMap":{"0":{"start":{"line":1,"column":0},"end":{"line":1,"column":26}},"1":{"start":{"line":2,"column":0},"end":{"line":2,"column":41}},"2":{"start":{"line":3,"column":0},"end":{"line":3,"column":8}},"7":{"start":{"line":8,"column":0},"end":{"line":8,"column":27}},"8":{"start":{"line":9,"column":0},"end":{"line":9,"column":40}},"9":{"start":{"line":10,"column":0},"end":{"line":10,"column":42}},"10":{"start":{"line":11,"column":0},"end":{"line":11,"column":36}},"11":{"start":{"line":12,"column":0},"end":{"line":12,"column":48}},"12":{"start":{"line":13,"column":0},"end":{"line":13,"column":38}},"13":{"start":{"line":14,"column":0},"end":{"line":14,"column":38}},"14":{"start":{"line":15,"column":0},"end":{"line":15,"column":34}},"15":{"start":{"line":16,"column":0},"end":{"line":16,"column":38}},"18":{"start":{"line":19,"column":0},"end":{"line":19,"column":16}},"19":{"start":{"line":20,"column":0},"end":{"line":20,"column":10}},"20":{"start":{"line":21,"column":0},"end":{"line":21,"column":12}},"21":{"start":{"line":22,"column":0},"end":{"line":22,"column":16}},"22":{"start":{"line":23,"column":0},"end":{"line":23,"column":14}},"23":{"start":{"line":24,"column":0},"end":{"line":24,"column":51}},"24":{"start":{"line":25,"column":0},"end":{"line":25,"column":57}},"25":{"start":{"line":26,"column":0},"end":{"line":26,"column":14}},"26":{"start":{"line":27,"column":0},"end":{"line":27,"column":25}},"27":{"start":{"line":28,"column":0},"end":{"line":28,"column":31}},"28":{"start":{"line":29,"column":0},"end":{"line":29,"column":10}},"29":{"start":{"line":30,"column":0},"end":{"line":30,"column":59}},"30":{"start":{"line":31,"column":0},"end":{"line":31,"column":65}},"31":{"start":{"line":32,"column":0},"end":{"line":32,"column":55}},"32":{"start":{"line":33,"column":0},"end":{"line":33,"column":54}},"33":{"start":{"line":34,"column":0},"end":{"line":34,"column":51}},"34":{"start":{"line":35,"column":0},"end":{"line":35,"column":55}},"35":{"start":{"line":36,"column":0},"end":{"line":36,"column":17}},"36":{"start":{"line":37,"column":0},"end":{"line":37,"column":13}},"38":{"start":{"line":39,"column":0},"end":{"line":39,"column":2}},"40":{"start":{"line":41,"column":0},"end":{"line":41,"column":18}}},"s":{"0":0,"1":0,"2":0,"7":0,"8":0,"9":0,"10":0,"11":0,"12":0,"13":0,"14":0,"15":0,"18":0,"19":0,"20":0,"21":0,"22":0,"23":0,"24":0,"25":0,"26":0,"27":0,"28":0,"29":0,"30":0,"31":0,"32":0,"33":0,"34":0,"35":0,"36":0,"38":0,"40":0},"branchMap":{"0":{"type":"branch","line":1,"loc":{"start":{"line":1,"column":556},"end":{"line":41,"column":-730}},"locations":[{"start":{"line":1,"column":556},"end":{"line":41,"column":-730}}]}},"b":{"0":[0]},"fnMap":{"0":{"name":"(empty-report)","decl":{"start":{"line":1,"column":556},"end":{"line":41,"column":-730}},"loc":{"start":{"line":1,"column":556},"end":{"line":41,"column":-730}},"line":1}},"f":{"0":0}}
,"/Users/jonathanramos/Developer/Websites/the-detailers-edge/src/firebase.js": {"path":"/Users/jonathanramos/Developer/Websites/the-detailers-edge/src/firebase.js","all":false,"statementMap":{"0":{"start":{"line":1,"column":0},"end":{"line":1,"column":45}},"1":{"start":{"line":2,"column":0},"end":{"line":2,"column":40}},"2":{"start":{"line":3,"column":0},"end":{"line":3,"column":50}},"3":{"start":{"line":4,"column":0},"end":{"line":4,"column":50}},"5":{"start":{"line":6,"column":0},"end":{"line":6,"column":84}},"6":{"start":{"line":7,"column":0},"end":{"line":7,"column":48}},"7":{"start":{"line":8,"column":0},"end":{"line":8,"column":56}},"8":{"start":{"line":9,"column":0},"end":{"line":9,"column":58}},"9":{"start":{"line":10,"column":0},"end":{"line":10,"column":54}},"10":{"start":{"line":11,"column":0},"end":{"line":11,"column":62}},"11":{"start":{"line":12,"column":0},"end":{"line":12,"column":71}},"12":{"start":{"line":13,"column":0},"end":{"line":13,"column":46}},"13":{"start":{"line":14,"column":0},"end":{"line":14,"column":61}},"14":{"start":{"line":15,"column":0},"end":{"line":15,"column":2}},"16":{"start":{"line":17,"column":0},"end":{"line":17,"column":22}},"17":{"start":{"line":18,"column":0},"end":{"line":18,"column":42}},"18":{"start":{"line":19,"column":0},"end":{"line":19,"column":26}},"19":{"start":{"line":20,"column":0},"end":{"line":20,"column":36}},"20":{"start":{"line":21,"column":0},"end":{"line":21,"column":29}},"23":{"start":{"line":24,"column":0},"end":{"line":24,"column":19}}},"s":{"0":1,"1":1,"2":1,"3":1,"5":1,"6":1,"7":1,"8":1,"9":1,"10":1,"11":1,"12":1,"13":1,"14":1,"16":1,"17":1,"18":1,"19":1,"20":1,"23":1},"branchMap":{},"b":{},"fnMap":{},"f":{}}
,"/Users/jonathanramos/Developer/Websites/the-detailers-edge/src/main.jsx": {"path":"/Users/jonathanramos/Developer/Websites/the-detailers-edge/src/main.jsx","all":true,"statementMap":{"0":{"start":{"line":1,"column":0},"end":{"line":1,"column":34}},"1":{"start":{"line":2,"column":0},"end":{"line":2,"column":45}},"2":{"start":{"line":3,"column":0},"end":{"line":3,"column":20}},"3":{"start":{"line":4,"column":0},"end":{"line":4,"column":27}},"5":{"start":{"line":6,"column":0},"end":{"line":6,"column":51}},"6":{"start":{"line":7,"column":0},"end":{"line":7,"column":14}},"7":{"start":{"line":8,"column":0},"end":{"line":8,"column":11}},"8":{"start":{"line":9,"column":0},"end":{"line":9,"column":16}},"9":{"start":{"line":10,"column":0},"end":{"line":10,"column":1}}},"s":{"0":0,"1":0,"2":0,"3":0,"5":0,"6":0,"7":0,"8":0,"9":0},"branchMap":{"0":{"type":"branch","line":1,"loc":{"start":{"line":1,"column":202},"end":{"line":10,"column":-147}},"locations":[{"start":{"line":1,"column":202},"end":{"line":10,"column":-147}}]}},"b":{"0":[0]},"fnMap":{"0":{"name":"(empty-report)","decl":{"start":{"line":1,"column":202},"end":{"line":10,"column":-147}},"loc":{"start":{"line":1,"column":202},"end":{"line":10,"column":-147}},"line":1}},"f":{"0":0}}
,"/Users/jonathanramos/Developer/Websites/the-detailers-edge/src/components/Navbar.jsx": {"path":"/Users/jonathanramos/Developer/Websites/the-detailers-edge/src/components/Navbar.jsx","all":false,"statementMap":{"0":{"start":{"line":1,"column":0},"end":{"line":1,"column":40}},"1":{"start":{"line":2,"column":0},"end":{"line":2,"column":49}},"2":{"start":{"line":3,"column":0},"end":{"line":3,"column":156}},"3":{"start":{"line":4,"column":0},"end":{"line":4,"column":61}},"5":{"start":{"line":6,"column":0},"end":{"line":6,"column":22}},"6":{"start":{"line":7,"column":0},"end":{"line":7,"column":48}},"7":{"start":{"line":8,"column":0},"end":{"line":8,"column":64}},"9":{"start":{"line":10,"column":0},"end":{"line":10,"column":48}},"10":{"start":{"line":11,"column":0},"end":{"line":11,"column":68}},"12":{"start":{"line":13,"column":0},"end":{"line":13,"column":12}},"13":{"start":{"line":14,"column":0},"end":{"line":14,"column":10}},"14":{"start":{"line":15,"column":0},"end":{"line":15,"column":17}},"15":{"start":{"line":16,"column":0},"end":{"line":16,"column":32}},"16":{"start":{"line":17,"column":0},"end":{"line":17,"column":72}},"17":{"start":{"line":18,"column":0},"end":{"line":18,"column":26}},"19":{"start":{"line":20,"column":0},"end":{"line":20,"column":41}},"20":{"start":{"line":21,"column":0},"end":{"line":21,"column":62}},"21":{"start":{"line":22,"column":0},"end":{"line":22,"column":64}},"22":{"start":{"line":23,"column":0},"end":{"line":23,"column":70}},"23":{"start":{"line":24,"column":0},"end":{"line":24,"column":60}},"24":{"start":{"line":25,"column":0},"end":{"line":25,"column":26}},"26":{"start":{"line":27,"column":0},"end":{"line":27,"column":31}},"27":{"start":{"line":28,"column":0},"end":{"line":28,"column":65}},"28":{"start":{"line":29,"column":0},"end":{"line":29,"column":64}},"29":{"start":{"line":30,"column":0},"end":{"line":30,"column":32}},"32":{"start":{"line":33,"column":0},"end":{"line":33,"column":51}},"33":{"start":{"line":34,"column":0},"end":{"line":34,"column":63}},"34":{"start":{"line":35,"column":0},"end":{"line":35,"column":27}},"35":{"start":{"line":36,"column":0},"end":{"line":36,"column":18}},"38":{"start":{"line":39,"column":0},"end":{"line":39,"column":46}},"39":{"start":{"line":40,"column":0},"end":{"line":40,"column":54}},"40":{"start":{"line":41,"column":0},"end":{"line":41,"column":31}},"41":{"start":{"line":42,"column":0},"end":{"line":42,"column":30}},"42":{"start":{"line":43,"column":0},"end":{"line":43,"column":33}},"43":{"start":{"line":44,"column":0},"end":{"line":44,"column":74}},"44":{"start":{"line":45,"column":0},"end":{"line":45,"column":76}},"45":{"start":{"line":46,"column":0},"end":{"line":46,"column":82}},"46":{"start":{"line":47,"column":0},"end":{"line":47,"column":72}},"47":{"start":{"line":48,"column":0},"end":{"line":48,"column":73}},"48":{"start":{"line":49,"column":0},"end":{"line":49,"column":72}},"49":{"start":{"line":50,"column":0},"end":{"line":50,"column":34}},"50":{"start":{"line":51,"column":0},"end":{"line":51,"column":23}},"51":{"start":{"line":52,"column":0},"end":{"line":52,"column":11}},"53":{"start":{"line":54,"column":0},"end":{"line":54,"column":2}},"55":{"start":{"line":56,"column":0},"end":{"line":56,"column":22}}},"s":{"0":1,"1":1,"2":1,"3":1,"5":1,"6":2,"7":2,"9":2,"10":2,"12":2,"13":2,"14":2,"15":2,"16":2,"17":2,"19":2,"20":2,"21":2,"22":2,"23":2,"24":2,"26":2,"27":2,"28":2,"29":2,"32":2,"33":2,"34":2,"35":2,"38":2,"39":2,"40":2,"41":2,"42":2,"43":2,"44":2,"45":2,"46":2,"47":2,"48":2,"49":2,"50":2,"51":2,"53":2,"55":1},"branchMap":{"0":{"type":"branch","line":6,"loc":{"start":{"line":6,"column":15},"end":{"line":54,"column":2}},"locations":[{"start":{"line":6,"column":15},"end":{"line":54,"column":2}}]},"1":{"type":"branch","line":34,"loc":{"start":{"line":34,"column":21},"end":{"line":34,"column":52}},"locations":[{"start":{"line":34,"column":21},"end":{"line":34,"column":52}}]},"2":{"type":"branch","line":34,"loc":{"start":{"line":34,"column":47},"end":{"line":34,"column":63}},"locations":[{"start":{"line":34,"column":47},"end":{"line":34,"column":63}}]}},"b":{"0":[2],"1":[0],"2":[1]},"fnMap":{"0":{"name":"Navbar","decl":{"start":{"line":6,"column":15},"end":{"line":54,"column":2}},"loc":{"start":{"line":6,"column":15},"end":{"line":54,"column":2}},"line":6},"1":{"name":"toggleMenu","decl":{"start":{"line":10,"column":23},"end":{"line":10,"column":48}},"loc":{"start":{"line":10,"column":23},"end":{"line":10,"column":48}},"line":10},"2":{"name":"toggleSideMenu","decl":{"start":{"line":11,"column":27},"end":{"line":11,"column":68}},"loc":{"start":{"line":11,"column":27},"end":{"line":11,"column":68}},"line":11}},"f":{"0":2,"1":0,"2":0}}
,"/Users/jonathanramos/Developer/Websites/the-detailers-edge/src/components/NavbarElements.jsx": {"path":"/Users/jonathanramos/Developer/Websites/the-detailers-edge/src/components/NavbarElements.jsx","all":false,"statementMap":{"0":{"start":{"line":1,"column":0},"end":{"line":1,"column":39}},"1":{"start":{"line":2,"column":0},"end":{"line":2,"column":51}},"2":{"start":{"line":3,"column":0},"end":{"line":3,"column":34}},"3":{"start":{"line":4,"column":0},"end":{"line":4,"column":38}},"5":{"start":{"line":6,"column":0},"end":{"line":6,"column":30}},"6":{"start":{"line":7,"column":0},"end":{"line":7,"column":35}},"18":{"start":{"line":19,"column":0},"end":{"line":19,"column":36}},"19":{"start":{"line":20,"column":0},"end":{"line":20,"column":24}},"32":{"start":{"line":33,"column":0},"end":{"line":33,"column":36}},"33":{"start":{"line":34,"column":0},"end":{"line":34,"column":28}},"47":{"start":{"line":48,"column":0},"end":{"line":48,"column":37}},"57":{"start":{"line":58,"column":0},"end":{"line":58,"column":32}},"61":{"start":{"line":62,"column":0},"end":{"line":62,"column":34}},"73":{"start":{"line":74,"column":0},"end":{"line":74,"column":37}},"76":{"start":{"line":77,"column":0},"end":{"line":77,"column":59}},"80":{"start":{"line":81,"column":0},"end":{"line":81,"column":40}},"92":{"start":{"line":93,"column":0},"end":{"line":93,"column":38}},"94":{"start":{"line":95,"column":0},"end":{"line":95,"column":47}},"110":{"start":{"line":111,"column":0},"end":{"line":111,"column":73}},"120":{"start":{"line":121,"column":0},"end":{"line":121,"column":64}},"126":{"start":{"line":127,"column":0},"end":{"line":127,"column":41}},"127":{"start":{"line":128,"column":0},"end":{"line":128,"column":32}},"128":{"start":{"line":129,"column":0},"end":{"line":129,"column":30}},"141":{"start":{"line":142,"column":0},"end":{"line":142,"column":63}},"142":{"start":{"line":143,"column":0},"end":{"line":143,"column":32}},"148":{"start":{"line":149,"column":0},"end":{"line":149,"column":35}},"157":{"start":{"line":158,"column":0},"end":{"line":158,"column":26}},"161":{"start":{"line":162,"column":0},"end":{"line":162,"column":35}},"170":{"start":{"line":171,"column":0},"end":{"line":171,"column":108}},"175":{"start":{"line":176,"column":0},"end":{"line":176,"column":42}},"182":{"start":{"line":183,"column":0},"end":{"line":183,"column":41}},"185":{"start":{"line":186,"column":0},"end":{"line":186,"column":24}},"193":{"start":{"line":194,"column":0},"end":{"line":194,"column":31}}},"s":{"0":1,"1":1,"2":1,"3":1,"5":1,"6":1,"18":1,"19":1,"32":1,"33":1,"47":1,"57":1,"61":1,"73":1,"76":1,"80":1,"92":1,"94":1,"110":1,"120":1,"126":1,"127":1,"128":1,"141":1,"142":1,"148":1,"157":1,"161":1,"170":1,"175":1,"182":1,"185":1,"193":1},"branchMap":{"0":{"type":"branch","line":77,"loc":{"start":{"line":77,"column":15},"end":{"line":77,"column":57}},"locations":[{"start":{"line":77,"column":15},"end":{"line":77,"column":57}}]},"1":{"type":"branch","line":77,"loc":{"start":{"line":77,"column":32},"end":{"line":77,"column":50}},"locations":[{"start":{"line":77,"column":32},"end":{"line":77,"column":50}}]},"2":{"type":"branch","line":171,"loc":{"start":{"line":171,"column":15},"end":{"line":171,"column":76}},"locations":[{"start":{"line":171,"column":15},"end":{"line":171,"column":76}}]},"3":{"type":"branch","line":171,"loc":{"start":{"line":171,"column":31},"end":{"line":171,"column":58}},"locations":[{"start":{"line":171,"column":31},"end":{"line":171,"column":58}}]}},"b":{"0":[1],"1":[0],"2":[1],"3":[0]},"fnMap":{},"f":{}}
,"/Users/jonathanramos/Developer/Websites/the-detailers-edge/src/pages/booking.jsx": {"path":"/Users/jonathanramos/Developer/Websites/the-detailers-edge/src/pages/booking.jsx","all":false,"statementMap":{"1":{"start":{"line":2,"column":0},"end":{"line":2,"column":40}},"2":{"start":{"line":3,"column":0},"end":{"line":3,"column":57}},"4":{"start":{"line":5,"column":0},"end":{"line":5,"column":23}},"6":{"start":{"line":7,"column":0},"end":{"line":7,"column":56}},"8":{"start":{"line":9,"column":0},"end":{"line":9,"column":20}},"9":{"start":{"line":10,"column":0},"end":{"line":10,"column":5}},"10":{"start":{"line":11,"column":0},"end":{"line":11,"column":34}},"11":{"start":{"line":12,"column":0},"end":{"line":12,"column":118}},"12":{"start":{"line":13,"column":0},"end":{"line":13,"column":29}},"14":{"start":{"line":15,"column":0},"end":{"line":15,"column":6}},"15":{"start":{"line":16,"column":0},"end":{"line":16,"column":5}},"16":{"start":{"line":17,"column":0},"end":{"line":17,"column":34}},"17":{"start":{"line":18,"column":0},"end":{"line":18,"column":91}},"18":{"start":{"line":19,"column":0},"end":{"line":19,"column":29}},"20":{"start":{"line":21,"column":0},"end":{"line":21,"column":6}},"21":{"start":{"line":22,"column":0},"end":{"line":22,"column":5}},"22":{"start":{"line":23,"column":0},"end":{"line":23,"column":35}},"23":{"start":{"line":24,"column":0},"end":{"line":24,"column":108}},"24":{"start":{"line":25,"column":0},"end":{"line":25,"column":29}},"26":{"start":{"line":27,"column":0},"end":{"line":27,"column":5}},"27":{"start":{"line":28,"column":0},"end":{"line":28,"column":4}},"28":{"start":{"line":29,"column":0},"end":{"line":29,"column":27}},"29":{"start":{"line":30,"column":0},"end":{"line":30,"column":60}},"30":{"start":{"line":31,"column":0},"end":{"line":31,"column":4}},"32":{"start":{"line":33,"column":0},"end":{"line":33,"column":27}},"33":{"start":{"line":34,"column":0},"end":{"line":34,"column":78}},"34":{"start":{"line":35,"column":0},"end":{"line":35,"column":4}},"36":{"start":{"line":37,"column":0},"end":{"line":37,"column":12}},"37":{"start":{"line":38,"column":0},"end":{"line":38,"column":47}},"38":{"start":{"line":39,"column":0},"end":{"line":39,"column":30}},"39":{"start":{"line":40,"column":0},"end":{"line":40,"column":68}},"40":{"start":{"line":41,"column":0},"end":{"line":41,"column":47}},"41":{"start":{"line":42,"column":0},"end":{"line":42,"column":18}},"42":{"start":{"line":43,"column":0},"end":{"line":43,"column":27}},"43":{"start":{"line":44,"column":0},"end":{"line":44,"column":99}},"44":{"start":{"line":45,"column":0},"end":{"line":45,"column":79}},"45":{"start":{"line":46,"column":0},"end":{"line":46,"column":19}},"46":{"start":{"line":47,"column":0},"end":{"line":47,"column":24}},"47":{"start":{"line":48,"column":0},"end":{"line":48,"column":75}},"48":{"start":{"line":49,"column":0},"end":{"line":49,"column":18}},"50":{"start":{"line":51,"column":0},"end":{"line":51,"column":20}},"51":{"start":{"line":52,"column":0},"end":{"line":52,"column":37}},"52":{"start":{"line":53,"column":0},"end":{"line":53,"column":37}},"53":{"start":{"line":54,"column":0},"end":{"line":54,"column":54}},"54":{"start":{"line":55,"column":0},"end":{"line":55,"column":18}},"55":{"start":{"line":56,"column":0},"end":{"line":56,"column":56}},"56":{"start":{"line":57,"column":0},"end":{"line":57,"column":78}},"57":{"start":{"line":58,"column":0},"end":{"line":58,"column":77}},"58":{"start":{"line":59,"column":0},"end":{"line":59,"column":88}},"59":{"start":{"line":60,"column":0},"end":{"line":60,"column":22}},"60":{"start":{"line":61,"column":0},"end":{"line":61,"column":20}},"61":{"start":{"line":62,"column":0},"end":{"line":62,"column":15}},"63":{"start":{"line":64,"column":0},"end":{"line":64,"column":19}},"64":{"start":{"line":65,"column":0},"end":{"line":65,"column":33}},"65":{"start":{"line":66,"column":0},"end":{"line":66,"column":105}},"67":{"start":{"line":68,"column":0},"end":{"line":68,"column":49}},"68":{"start":{"line":69,"column":0},"end":{"line":69,"column":21}},"69":{"start":{"line":70,"column":0},"end":{"line":70,"column":19}},"70":{"start":{"line":71,"column":0},"end":{"line":71,"column":33}},"71":{"start":{"line":72,"column":0},"end":{"line":72,"column":106}},"73":{"start":{"line":74,"column":0},"end":{"line":74,"column":50}},"74":{"start":{"line":75,"column":0},"end":{"line":75,"column":21}},"75":{"start":{"line":76,"column":0},"end":{"line":76,"column":16}},"76":{"start":{"line":77,"column":0},"end":{"line":77,"column":14}},"78":{"start":{"line":79,"column":0},"end":{"line":79,"column":83}},"80":{"start":{"line":81,"column":0},"end":{"line":81,"column":45}},"81":{"start":{"line":82,"column":0},"end":{"line":82,"column":33}},"82":{"start":{"line":83,"column":0},"end":{"line":83,"column":34}},"83":{"start":{"line":84,"column":0},"end":{"line":84,"column":21}},"85":{"start":{"line":86,"column":0},"end":{"line":86,"column":10}},"87":{"start":{"line":88,"column":0},"end":{"line":88,"column":2}},"89":{"start":{"line":90,"column":0},"end":{"line":90,"column":23}}},"s":{"1":1,"2":1,"4":1,"6":11,"8":11,"9":11,"10":11,"11":11,"12":11,"14":11,"15":11,"16":11,"17":11,"18":11,"20":11,"21":11,"22":11,"23":11,"24":11,"26":11,"27":11,"28":11,"29":4,"30":4,"32":11,"33":1,"34":1,"36":11,"37":11,"38":11,"39":11,"40":11,"41":33,"42":33,"43":33,"44":33,"45":33,"46":33,"47":33,"48":33,"50":33,"51":33,"52":33,"53":33,"54":33,"55":33,"56":33,"57":33,"58":33,"59":33,"60":33,"61":11,"63":11,"64":11,"65":11,"67":11,"68":11,"69":11,"70":11,"71":11,"73":11,"74":11,"75":11,"76":11,"78":11,"80":11,"81":11,"82":11,"83":11,"85":11,"87":11,"89":1},"branchMap":{"0":{"type":"branch","line":5,"loc":{"start":{"line":5,"column":16},"end":{"line":88,"column":2}},"locations":[{"start":{"line":5,"column":16},"end":{"line":88,"column":2}}]},"1":{"type":"branch","line":29,"loc":{"start":{"line":29,"column":20},"end":{"line":31,"column":4}},"locations":[{"start":{"line":29,"column":20},"end":{"line":31,"column":4}}]},"2":{"type":"branch","line":30,"loc":{"start":{"line":30,"column":20},"end":{"line":30,"column":58}},"locations":[{"start":{"line":30,"column":20},"end":{"line":30,"column":58}}]},"3":{"type":"branch","line":33,"loc":{"start":{"line":33,"column":20},"end":{"line":35,"column":4}},"locations":[{"start":{"line":33,"column":20},"end":{"line":35,"column":4}}]},"4":{"type":"branch","line":34,"loc":{"start":{"line":34,"column":20},"end":{"line":34,"column":76}},"locations":[{"start":{"line":34,"column":20},"end":{"line":34,"column":76}}]},"5":{"type":"branch","line":41,"loc":{"start":{"line":41,"column":26},"end":{"line":61,"column":20}},"locations":[{"start":{"line":41,"column":26},"end":{"line":61,"column":20}}]},"6":{"type":"branch","line":45,"loc":{"start":{"line":45,"column":28},"end":{"line":45,"column":61}},"locations":[{"start":{"line":45,"column":28},"end":{"line":45,"column":61}}]},"7":{"type":"branch","line":45,"loc":{"start":{"line":45,"column":43},"end":{"line":45,"column":79}},"locations":[{"start":{"line":45,"column":43},"end":{"line":45,"column":79}}]}},"b":{"0":[11],"1":[4],"2":[4],"3":[1],"4":[1],"5":[33],"6":[11],"7":[22]},"fnMap":{"0":{"name":"Booking","decl":{"start":{"line":5,"column":16},"end":{"line":88,"column":2}},"loc":{"start":{"line":5,"column":16},"end":{"line":88,"column":2}},"line":5},"1":{"name":"nextSlide","decl":{"start":{"line":29,"column":20},"end":{"line":31,"column":4}},"loc":{"start":{"line":29,"column":20},"end":{"line":31,"column":4}},"line":29},"2":{"name":"prevSlide","decl":{"start":{"line":33,"column":20},"end":{"line":35,"column":4}},"loc":{"start":{"line":33,"column":20},"end":{"line":35,"column":4}},"line":33}},"f":{"0":11,"1":4,"2":1}}
,"/Users/jonathanramos/Developer/Websites/the-detailers-edge/src/pages/contact.jsx": {"path":"/Users/jonathanramos/Developer/Websites/the-detailers-edge/src/pages/contact.jsx","all":true,"statementMap":{"0":{"start":{"line":1,"column":0},"end":{"line":1,"column":26}},"2":{"start":{"line":3,"column":0},"end":{"line":3,"column":23}},"3":{"start":{"line":4,"column":0},"end":{"line":4,"column":12}},"4":{"start":{"line":5,"column":0},"end":{"line":5,"column":13}},"5":{"start":{"line":6,"column":0},"end":{"line":6,"column":16}},"7":{"start":{"line":8,"column":0},"end":{"line":8,"column":17}},"8":{"start":{"line":9,"column":0},"end":{"line":9,"column":14}},"10":{"start":{"line":11,"column":0},"end":{"line":11,"column":2}},"12":{"start":{"line":13,"column":0},"end":{"line":13,"column":23}}},"s":{"0":0,"2":0,"3":0,"4":0,"5":0,"7":0,"8":0,"10":0,"12":0},"branchMap":{"0":{"type":"branch","line":1,"loc":{"start":{"line":1,"column":91},"end":{"line":13,"column":-146}},"locations":[{"start":{"line":1,"column":91},"end":{"line":13,"column":-146}}]}},"b":{"0":[0]},"fnMap":{"0":{"name":"(empty-report)","decl":{"start":{"line":1,"column":91},"end":{"line":13,"column":-146}},"loc":{"start":{"line":1,"column":91},"end":{"line":13,"column":-146}},"line":1}},"f":{"0":0}}
,"/Users/jonathanramos/Developer/Websites/the-detailers-edge/src/pages/index.jsx": {"path":"/Users/jonathanramos/Developer/Websites/the-detailers-edge/src/pages/index.jsx","all":false,"statementMap":{"0":{"start":{"line":1,"column":0},"end":{"line":1,"column":26}},"1":{"start":{"line":2,"column":0},"end":{"line":2,"column":39}},"2":{"start":{"line":3,"column":0},"end":{"line":3,"column":39}},"3":{"start":{"line":4,"column":0},"end":{"line":4,"column":45}},"4":{"start":{"line":5,"column":0},"end":{"line":5,"column":39}},"6":{"start":{"line":7,"column":0},"end":{"line":7,"column":29}},"11":{"start":{"line":12,"column":0},"end":{"line":12,"column":38}},"14":{"start":{"line":15,"column":0},"end":{"line":15,"column":34}},"27":{"start":{"line":28,"column":0},"end":{"line":28,"column":32}},"38":{"start":{"line":39,"column":0},"end":{"line":39,"column":31}},"44":{"start":{"line":45,"column":0},"end":{"line":45,"column":33}},"49":{"start":{"line":50,"column":0},"end":{"line":50,"column":30}},"55":{"start":{"line":56,"column":0},"end":{"line":56,"column":40}},"56":{"start":{"line":57,"column":0},"end":{"line":57,"column":36}},"65":{"start":{"line":66,"column":0},"end":{"line":66,"column":42}},"71":{"start":{"line":72,"column":0},"end":{"line":72,"column":32}},"74":{"start":{"line":75,"column":0},"end":{"line":75,"column":36}},"75":{"start":{"line":76,"column":0},"end":{"line":76,"column":32}},"84":{"start":{"line":85,"column":0},"end":{"line":85,"column":38}},"90":{"start":{"line":91,"column":0},"end":{"line":91,"column":20}},"91":{"start":{"line":92,"column":0},"end":{"line":92,"column":12}},"92":{"start":{"line":93,"column":0},"end":{"line":93,"column":19}},"93":{"start":{"line":94,"column":0},"end":{"line":94,"column":28}},"94":{"start":{"line":95,"column":0},"end":{"line":95,"column":30}},"95":{"start":{"line":96,"column":0},"end":{"line":96,"column":60}},"96":{"start":{"line":97,"column":0},"end":{"line":97,"column":31}},"97":{"start":{"line":98,"column":0},"end":{"line":98,"column":29}},"98":{"start":{"line":99,"column":0},"end":{"line":99,"column":58}},"99":{"start":{"line":100,"column":0},"end":{"line":100,"column":23}},"103":{"start":{"line":104,"column":0},"end":{"line":104,"column":24}},"104":{"start":{"line":105,"column":0},"end":{"line":105,"column":67}},"105":{"start":{"line":106,"column":0},"end":{"line":106,"column":30}},"106":{"start":{"line":107,"column":0},"end":{"line":107,"column":29}},"107":{"start":{"line":108,"column":0},"end":{"line":108,"column":20}},"109":{"start":{"line":110,"column":0},"end":{"line":110,"column":2}},"111":{"start":{"line":112,"column":0},"end":{"line":112,"column":20}}},"s":{"0":1,"1":1,"2":1,"3":1,"4":1,"6":1,"11":1,"14":1,"27":1,"38":1,"44":1,"49":1,"55":1,"56":1,"65":1,"71":1,"74":1,"75":1,"84":1,"90":1,"91":3,"92":3,"93":3,"94":3,"95":3,"96":3,"97":3,"98":3,"99":3,"103":3,"104":3,"105":3,"106":3,"107":3,"109":3,"111":1},"branchMap":{"0":{"type":"branch","line":91,"loc":{"start":{"line":91,"column":13},"end":{"line":110,"column":2}},"locations":[{"start":{"line":91,"column":13},"end":{"line":110,"column":2}}]}},"b":{"0":[3]},"fnMap":{"0":{"name":"Home","decl":{"start":{"line":91,"column":13},"end":{"line":110,"column":2}},"loc":{"start":{"line":91,"column":13},"end":{"line":110,"column":2}},"line":91}},"f":{"0":3}}
,"/Users/jonathanramos/Developer/Websites/the-detailers-edge/src/pages/login.jsx": {"path":"/Users/jonathanramos/Developer/Websites/the-detailers-edge/src/pages/login.jsx","all":false,"statementMap":{"0":{"start":{"line":1,"column":0},"end":{"line":1,"column":40}},"1":{"start":{"line":2,"column":0},"end":{"line":2,"column":39}},"2":{"start":{"line":3,"column":0},"end":{"line":3,"column":43}},"3":{"start":{"line":4,"column":0},"end":{"line":4,"column":96}},"4":{"start":{"line":5,"column":0},"end":{"line":5,"column":35}},"5":{"start":{"line":6,"column":0},"end":{"line":6,"column":47}},"6":{"start":{"line":7,"column":0},"end":{"line":7,"column":38}},"8":{"start":{"line":9,"column":0},"end":{"line":9,"column":22}},"9":{"start":{"line":10,"column":0},"end":{"line":10,"column":41}},"10":{"start":{"line":11,"column":0},"end":{"line":11,"column":47}},"12":{"start":{"line":13,"column":0},"end":{"line":13,"column":58}},"13":{"start":{"line":14,"column":0},"end":{"line":14,"column":55}},"14":{"start":{"line":15,"column":0},"end":{"line":15,"column":33}},"17":{"start":{"line":18,"column":0},"end":{"line":18,"column":36}},"18":{"start":{"line":19,"column":0},"end":{"line":19,"column":23}},"19":{"start":{"line":20,"column":0},"end":{"line":20,"column":9}},"20":{"start":{"line":21,"column":0},"end":{"line":21,"column":62}},"21":{"start":{"line":22,"column":0},"end":{"line":22,"column":36}},"22":{"start":{"line":23,"column":0},"end":{"line":23,"column":27}},"23":{"start":{"line":24,"column":0},"end":{"line":24,"column":21}},"24":{"start":{"line":25,"column":0},"end":{"line":25,"column":27}},"25":{"start":{"line":26,"column":0},"end":{"line":26,"column":57}},"26":{"start":{"line":27,"column":0},"end":{"line":27,"column":24}},"27":{"start":{"line":28,"column":0},"end":{"line":28,"column":28}},"28":{"start":{"line":29,"column":0},"end":{"line":29,"column":15}},"29":{"start":{"line":30,"column":0},"end":{"line":30,"column":5}},"30":{"start":{"line":31,"column":0},"end":{"line":31,"column":4}},"32":{"start":{"line":33,"column":0},"end":{"line":33,"column":42}},"33":{"start":{"line":34,"column":0},"end":{"line":34,"column":46}},"34":{"start":{"line":35,"column":0},"end":{"line":35,"column":9}},"35":{"start":{"line":36,"column":0},"end":{"line":36,"column":59}},"36":{"start":{"line":37,"column":0},"end":{"line":37,"column":31}},"37":{"start":{"line":38,"column":0},"end":{"line":38,"column":17}},"38":{"start":{"line":39,"column":0},"end":{"line":39,"column":29}},"39":{"start":{"line":40,"column":0},"end":{"line":40,"column":7}},"40":{"start":{"line":41,"column":0},"end":{"line":41,"column":21}},"41":{"start":{"line":42,"column":0},"end":{"line":42,"column":27}},"42":{"start":{"line":43,"column":0},"end":{"line":43,"column":66}},"43":{"start":{"line":44,"column":0},"end":{"line":44,"column":24}},"44":{"start":{"line":45,"column":0},"end":{"line":45,"column":28}},"45":{"start":{"line":46,"column":0},"end":{"line":46,"column":15}},"46":{"start":{"line":47,"column":0},"end":{"line":47,"column":5}},"47":{"start":{"line":48,"column":0},"end":{"line":48,"column":4}},"50":{"start":{"line":51,"column":0},"end":{"line":51,"column":10}},"51":{"start":{"line":52,"column":0},"end":{"line":52,"column":20}},"52":{"start":{"line":53,"column":0},"end":{"line":53,"column":40}},"53":{"start":{"line":54,"column":0},"end":{"line":54,"column":29}},"54":{"start":{"line":55,"column":0},"end":{"line":55,"column":69}},"55":{"start":{"line":56,"column":0},"end":{"line":56,"column":15}},"56":{"start":{"line":57,"column":0},"end":{"line":57,"column":23}},"57":{"start":{"line":58,"column":0},"end":{"line":58,"column":30}},"58":{"start":{"line":59,"column":0},"end":{"line":59,"column":24}},"59":{"start":{"line":60,"column":0},"end":{"line":60,"column":53}},"60":{"start":{"line":61,"column":0},"end":{"line":61,"column":10}},"61":{"start":{"line":62,"column":0},"end":{"line":62,"column":25}},"62":{"start":{"line":63,"column":0},"end":{"line":63,"column":17}},"63":{"start":{"line":64,"column":0},"end":{"line":64,"column":54}},"64":{"start":{"line":65,"column":0},"end":{"line":65,"column":35}},"65":{"start":{"line":66,"column":0},"end":{"line":66,"column":29}},"66":{"start":{"line":67,"column":0},"end":{"line":67,"column":58}},"67":{"start":{"line":68,"column":0},"end":{"line":68,"column":12}},"68":{"start":{"line":69,"column":0},"end":{"line":69,"column":93}},"69":{"start":{"line":70,"column":0},"end":{"line":70,"column":49}},"70":{"start":{"line":71,"column":0},"end":{"line":71,"column":33}},"71":{"start":{"line":72,"column":0},"end":{"line":72,"column":26}},"72":{"start":{"line":73,"column":0},"end":{"line":73,"column":45}},"73":{"start":{"line":74,"column":0},"end":{"line":74,"column":25}},"74":{"start":{"line":75,"column":0},"end":{"line":75,"column":39}},"75":{"start":{"line":76,"column":0},"end":{"line":76,"column":79}},"76":{"start":{"line":77,"column":0},"end":{"line":77,"column":26}},"77":{"start":{"line":78,"column":0},"end":{"line":78,"column":19}},"78":{"start":{"line":79,"column":0},"end":{"line":79,"column":18}},"79":{"start":{"line":80,"column":0},"end":{"line":80,"column":25}},"80":{"start":{"line":81,"column":0},"end":{"line":81,"column":18}},"81":{"start":{"line":82,"column":0},"end":{"line":82,"column":20}},"82":{"start":{"line":83,"column":0},"end":{"line":83,"column":85}},"83":{"start":{"line":84,"column":0},"end":{"line":84,"column":18}},"84":{"start":{"line":85,"column":0},"end":{"line":85,"column":21}},"86":{"start":{"line":87,"column":0},"end":{"line":87,"column":2}},"88":{"start":{"line":89,"column":0},"end":{"line":89,"column":21}},"90":{"start":{"line":91,"column":0},"end":{"line":91,"column":34}},"95":{"start":{"line":96,"column":0},"end":{"line":96,"column":35}},"98":{"start":{"line":99,"column":0},"end":{"line":99,"column":30}},"99":{"start":{"line":100,"column":0},"end":{"line":100,"column":30}},"109":{"start":{"line":110,"column":0},"end":{"line":110,"column":29}},"113":{"start":{"line":114,"column":0},"end":{"line":114,"column":27}},"117":{"start":{"line":118,"column":0},"end":{"line":118,"column":40}},"123":{"start":{"line":124,"column":0},"end":{"line":124,"column":35}},"128":{"start":{"line":129,"column":0},"end":{"line":129,"column":35}},"133":{"start":{"line":134,"column":0},"end":{"line":134,"column":43}},"140":{"start":{"line":141,"column":0},"end":{"line":141,"column":29}},"143":{"start":{"line":144,"column":0},"end":{"line":144,"column":28}},"147":{"start":{"line":148,"column":0},"end":{"line":148,"column":29}},"150":{"start":{"line":151,"column":0},"end":{"line":151,"column":31}},"159":{"start":{"line":160,"column":0},"end":{"line":160,"column":34}},"163":{"start":{"line":164,"column":0},"end":{"line":164,"column":29}},"170":{"start":{"line":171,"column":0},"end":{"line":171,"column":31}},"174":{"start":{"line":175,"column":0},"end":{"line":175,"column":24}},"177":{"start":{"line":178,"column":0},"end":{"line":178,"column":34}},"180":{"start":{"line":181,"column":0},"end":{"line":181,"column":35}},"183":{"start":{"line":184,"column":0},"end":{"line":184,"column":31}},"193":{"start":{"line":194,"column":0},"end":{"line":194,"column":37}},"197":{"start":{"line":198,"column":0},"end":{"line":198,"column":35}},"205":{"start":{"line":206,"column":0},"end":{"line":206,"column":31}},"209":{"start":{"line":210,"column":0},"end":{"line":210,"column":31}},"210":{"start":{"line":211,"column":0},"end":{"line":211,"column":26}},"215":{"start":{"line":216,"column":0},"end":{"line":216,"column":29}},"219":{"start":{"line":220,"column":0},"end":{"line":220,"column":30}},"220":{"start":{"line":221,"column":0},"end":{"line":221,"column":25}}},"s":{"0":1,"1":1,"2":1,"3":1,"4":1,"5":1,"6":1,"8":1,"9":12,"10":12,"12":12,"13":12,"14":12,"17":12,"18":2,"19":2,"20":2,"21":1,"22":1,"23":1,"24":1,"25":1,"26":1,"27":0,"28":1,"29":1,"30":2,"32":12,"33":1,"34":1,"35":1,"36":1,"37":1,"38":1,"39":1,"40":1,"41":0,"42":0,"43":0,"44":0,"45":0,"46":0,"47":1,"50":12,"51":12,"52":12,"53":12,"54":12,"55":12,"56":12,"57":12,"58":12,"59":12,"60":12,"61":12,"62":12,"63":12,"64":12,"65":12,"66":12,"67":12,"68":12,"69":12,"70":12,"71":12,"72":12,"73":12,"74":12,"75":12,"76":12,"77":12,"78":12,"79":12,"80":12,"81":12,"82":12,"83":12,"84":12,"86":12,"88":1,"90":1,"95":1,"98":1,"99":1,"109":1,"113":1,"117":1,"123":1,"128":1,"133":1,"140":1,"143":1,"147":1,"150":1,"159":1,"163":1,"170":1,"174":1,"177":1,"180":1,"183":1,"193":1,"197":1,"205":1,"209":1,"210":1,"215":1,"219":1,"220":1},"branchMap":{"0":{"type":"branch","line":9,"loc":{"start":{"line":9,"column":14},"end":{"line":87,"column":2}},"locations":[{"start":{"line":9,"column":14},"end":{"line":87,"column":2}}]},"1":{"type":"branch","line":55,"loc":{"start":{"line":55,"column":9},"end":{"line":55,"column":69}},"locations":[{"start":{"line":55,"column":9},"end":{"line":55,"column":69}}]},"2":{"type":"branch","line":64,"loc":{"start":{"line":64,"column":18},"end":{"line":64,"column":42}},"locations":[{"start":{"line":64,"column":18},"end":{"line":64,"column":42}}]},"3":{"type":"branch","line":64,"loc":{"start":{"line":64,"column":33},"end":{"line":64,"column":54}},"locations":[{"start":{"line":64,"column":33},"end":{"line":64,"column":54}}]},"4":{"type":"branch","line":70,"loc":{"start":{"line":70,"column":13},"end":{"line":70,"column":41}},"locations":[{"start":{"line":70,"column":13},"end":{"line":70,"column":41}}]},"5":{"type":"branch","line":70,"loc":{"start":{"line":70,"column":36},"end":{"line":70,"column":49}},"locations":[{"start":{"line":70,"column":36},"end":{"line":70,"column":49}}]},"6":{"type":"branch","line":18,"loc":{"start":{"line":18,"column":22},"end":{"line":31,"column":4}},"locations":[{"start":{"line":18,"column":22},"end":{"line":31,"column":4}}]},"7":{"type":"branch","line":21,"loc":{"start":{"line":21,"column":60},"end":{"line":30,"column":5}},"locations":[{"start":{"line":21,"column":60},"end":{"line":30,"column":5}}]},"8":{"type":"branch","line":33,"loc":{"start":{"line":33,"column":29},"end":{"line":48,"column":4}},"locations":[{"start":{"line":33,"column":29},"end":{"line":48,"column":4}}]},"9":{"type":"branch","line":41,"loc":{"start":{"line":41,"column":4},"end":{"line":47,"column":5}},"locations":[{"start":{"line":41,"column":4},"end":{"line":47,"column":5}}]},"10":{"type":"branch","line":60,"loc":{"start":{"line":60,"column":20},"end":{"line":60,"column":53}},"locations":[{"start":{"line":60,"column":20},"end":{"line":60,"column":53}}]},"11":{"type":"branch","line":67,"loc":{"start":{"line":67,"column":22},"end":{"line":67,"column":58}},"locations":[{"start":{"line":67,"column":22},"end":{"line":67,"column":58}}]},"12":{"type":"branch","line":69,"loc":{"start":{"line":69,"column":55},"end":{"line":69,"column":93}},"locations":[{"start":{"line":69,"column":55},"end":{"line":69,"column":93}}]}},"b":{"0":[12],"1":[1],"2":[1],"3":[11],"4":[1],"5":[11],"6":[2],"7":[1],"8":[1],"9":[0],"10":[2],"11":[2],"12":[2]},"fnMap":{"0":{"name":"Login","decl":{"start":{"line":9,"column":14},"end":{"line":87,"column":2}},"loc":{"start":{"line":9,"column":14},"end":{"line":87,"column":2}},"line":9},"1":{"name":"handleLogin","decl":{"start":{"line":18,"column":22},"end":{"line":31,"column":4}},"loc":{"start":{"line":18,"column":22},"end":{"line":31,"column":4}},"line":18},"2":{"name":"handleGoogleSignIn","decl":{"start":{"line":33,"column":29},"end":{"line":48,"column":4}},"loc":{"start":{"line":33,"column":29},"end":{"line":48,"column":4}},"line":33},"3":{"name":"onChange","decl":{"start":{"line":60,"column":20},"end":{"line":60,"column":53}},"loc":{"start":{"line":60,"column":20},"end":{"line":60,"column":53}},"line":60},"4":{"name":"onChange","decl":{"start":{"line":67,"column":22},"end":{"line":67,"column":58}},"loc":{"start":{"line":67,"column":22},"end":{"line":67,"column":58}},"line":67},"5":{"name":"onClick","decl":{"start":{"line":69,"column":55},"end":{"line":69,"column":93}},"loc":{"start":{"line":69,"column":55},"end":{"line":69,"column":93}},"line":69},"6":{"name":"onClick","decl":{"start":{"line":76,"column":31},"end":{"line":76,"column":59}},"loc":{"start":{"line":76,"column":31},"end":{"line":76,"column":59}},"line":76}},"f":{"0":12,"1":2,"2":1,"3":2,"4":2,"5":2,"6":0}}
,"/Users/jonathanramos/Developer/Websites/the-detailers-edge/src/pages/portfolio.jsx": {"path":"/Users/jonathanramos/Developer/Websites/the-detailers-edge/src/pages/portfolio.jsx","all":true,"statementMap":{"0":{"start":{"line":1,"column":0},"end":{"line":1,"column":26}},"2":{"start":{"line":3,"column":0},"end":{"line":3,"column":25}},"3":{"start":{"line":4,"column":0},"end":{"line":4,"column":48}},"4":{"start":{"line":5,"column":0},"end":{"line":5,"column":2}},"6":{"start":{"line":7,"column":0},"end":{"line":7,"column":25}}},"s":{"0":0,"2":0,"3":0,"4":0,"6":0},"branchMap":{"0":{"type":"branch","line":1,"loc":{"start":{"line":1,"column":65},"end":{"line":7,"column":-81}},"locations":[{"start":{"line":1,"column":65},"end":{"line":7,"column":-81}}]}},"b":{"0":[0]},"fnMap":{"0":{"name":"(empty-report)","decl":{"start":{"line":1,"column":65},"end":{"line":7,"column":-81}},"loc":{"start":{"line":1,"column":65},"end":{"line":7,"column":-81}},"line":1}},"f":{"0":0}}
,"/Users/jonathanramos/Developer/Websites/the-detailers-edge/src/pages/profile.jsx": {"path":"/Users/jonathanramos/Developer/Websites/the-detailers-edge/src/pages/profile.jsx","all":true,"statementMap":{"0":{"start":{"line":1,"column":0},"end":{"line":1,"column":50}},"1":{"start":{"line":2,"column":0},"end":{"line":2,"column":39}},"2":{"start":{"line":3,"column":0},"end":{"line":3,"column":49}},"3":{"start":{"line":4,"column":0},"end":{"line":4,"column":47}},"5":{"start":{"line":6,"column":0},"end":{"line":6,"column":23}},"6":{"start":{"line":7,"column":0},"end":{"line":7,"column":43}},"7":{"start":{"line":8,"column":0},"end":{"line":8,"column":35}},"9":{"start":{"line":10,"column":0},"end":{"line":10,"column":39}},"10":{"start":{"line":11,"column":0},"end":{"line":11,"column":49}},"11":{"start":{"line":12,"column":0},"end":{"line":12,"column":23}},"12":{"start":{"line":13,"column":0},"end":{"line":13,"column":58}},"13":{"start":{"line":14,"column":0},"end":{"line":14,"column":55}},"14":{"start":{"line":15,"column":0},"end":{"line":15,"column":40}},"15":{"start":{"line":16,"column":0},"end":{"line":16,"column":45}},"16":{"start":{"line":17,"column":0},"end":{"line":17,"column":24}},"17":{"start":{"line":18,"column":0},"end":{"line":18,"column":52}},"18":{"start":{"line":19,"column":0},"end":{"line":19,"column":17}},"19":{"start":{"line":20,"column":0},"end":{"line":20,"column":13}},"20":{"start":{"line":21,"column":0},"end":{"line":21,"column":11}},"21":{"start":{"line":22,"column":0},"end":{"line":22,"column":5}},"23":{"start":{"line":24,"column":0},"end":{"line":24,"column":21}},"24":{"start":{"line":25,"column":0},"end":{"line":25,"column":24}},"25":{"start":{"line":26,"column":0},"end":{"line":26,"column":11}},"27":{"start":{"line":28,"column":0},"end":{"line":28,"column":38}},"28":{"start":{"line":29,"column":0},"end":{"line":29,"column":13}},"29":{"start":{"line":30,"column":0},"end":{"line":30,"column":33}},"30":{"start":{"line":31,"column":0},"end":{"line":31,"column":31}},"31":{"start":{"line":32,"column":0},"end":{"line":32,"column":25}},"32":{"start":{"line":33,"column":0},"end":{"line":33,"column":33}},"33":{"start":{"line":34,"column":0},"end":{"line":34,"column":9}},"34":{"start":{"line":35,"column":0},"end":{"line":35,"column":5}},"36":{"start":{"line":37,"column":0},"end":{"line":37,"column":12}},"37":{"start":{"line":38,"column":0},"end":{"line":38,"column":13}},"38":{"start":{"line":39,"column":0},"end":{"line":39,"column":21}},"39":{"start":{"line":40,"column":0},"end":{"line":40,"column":18}},"40":{"start":{"line":41,"column":0},"end":{"line":41,"column":61}},"41":{"start":{"line":42,"column":0},"end":{"line":42,"column":39}},"42":{"start":{"line":43,"column":0},"end":{"line":43,"column":67}},"43":{"start":{"line":44,"column":0},"end":{"line":44,"column":19}},"45":{"start":{"line":46,"column":0},"end":{"line":46,"column":33}},"47":{"start":{"line":48,"column":0},"end":{"line":48,"column":14}},"49":{"start":{"line":50,"column":0},"end":{"line":50,"column":2}},"51":{"start":{"line":52,"column":0},"end":{"line":52,"column":23}}},"s":{"0":0,"1":0,"2":0,"3":0,"5":0,"6":0,"7":0,"9":0,"10":0,"11":0,"12":0,"13":0,"14":0,"15":0,"16":0,"17":0,"18":0,"19":0,"20":0,"21":0,"23":0,"24":0,"25":0,"27":0,"28":0,"29":0,"30":0,"31":0,"32":0,"33":0,"34":0,"36":0,"37":0,"38":0,"39":0,"40":0,"41":0,"42":0,"43":0,"45":0,"47":0,"49":0,"51":0},"branchMap":{"0":{"type":"branch","line":1,"loc":{"start":{"line":1,"column":1061},"end":{"line":52,"column":-439}},"locations":[{"start":{"line":1,"column":1061},"end":{"line":52,"column":-439}}]}},"b":{"0":[0]},"fnMap":{"0":{"name":"(empty-report)","decl":{"start":{"line":1,"column":1061},"end":{"line":52,"column":-439}},"loc":{"start":{"line":1,"column":1061},"end":{"line":52,"column":-439}},"line":1}},"f":{"0":0}}
,"/Users/jonathanramos/Developer/Websites/the-detailers-edge/src/pages/services.jsx": {"path":"/Users/jonathanramos/Developer/Websites/the-detailers-edge/src/pages/services.jsx","all":true,"statementMap":{"0":{"start":{"line":1,"column":0},"end":{"line":1,"column":26}},"2":{"start":{"line":3,"column":0},"end":{"line":3,"column":24}},"3":{"start":{"line":4,"column":0},"end":{"line":4,"column":12}},"4":{"start":{"line":5,"column":0},"end":{"line":5,"column":13}},"5":{"start":{"line":6,"column":0},"end":{"line":6,"column":16}},"7":{"start":{"line":8,"column":0},"end":{"line":8,"column":17}},"8":{"start":{"line":9,"column":0},"end":{"line":9,"column":14}},"10":{"start":{"line":11,"column":0},"end":{"line":11,"column":2}},"12":{"start":{"line":13,"column":0},"end":{"line":13,"column":24}}},"s":{"0":0,"2":0,"3":0,"4":0,"5":0,"7":0,"8":0,"10":0,"12":0},"branchMap":{"0":{"type":"branch","line":1,"loc":{"start":{"line":1,"column":92},"end":{"line":13,"column":-158}},"locations":[{"start":{"line":1,"column":92},"end":{"line":13,"column":-158}}]}},"b":{"0":[0]},"fnMap":{"0":{"name":"(empty-report)","decl":{"start":{"line":1,"column":92},"end":{"line":13,"column":-158}},"loc":{"start":{"line":1,"column":92},"end":{"line":13,"column":-158}},"line":1}},"f":{"0":0}}
,"/Users/jonathanramos/Developer/Websites/the-detailers-edge/src/pages/signup.jsx": {"path":"/Users/jonathanramos/Developer/Websites/the-detailers-edge/src/pages/signup.jsx","all":false,"statementMap":{"0":{"start":{"line":1,"column":0},"end":{"line":1,"column":40}},"1":{"start":{"line":2,"column":0},"end":{"line":2,"column":39}},"2":{"start":{"line":3,"column":0},"end":{"line":3,"column":43}},"3":{"start":{"line":4,"column":0},"end":{"line":4,"column":100}},"4":{"start":{"line":5,"column":0},"end":{"line":5,"column":35}},"5":{"start":{"line":6,"column":0},"end":{"line":6,"column":49}},"6":{"start":{"line":7,"column":0},"end":{"line":7,"column":33}},"7":{"start":{"line":8,"column":0},"end":{"line":8,"column":47}},"8":{"start":{"line":9,"column":0},"end":{"line":9,"column":38}},"10":{"start":{"line":11,"column":0},"end":{"line":11,"column":23}},"11":{"start":{"line":12,"column":0},"end":{"line":12,"column":41}},"12":{"start":{"line":13,"column":0},"end":{"line":13,"column":47}},"13":{"start":{"line":14,"column":0},"end":{"line":14,"column":49}},"14":{"start":{"line":15,"column":0},"end":{"line":15,"column":47}},"15":{"start":{"line":16,"column":0},"end":{"line":16,"column":58}},"16":{"start":{"line":17,"column":0},"end":{"line":17,"column":55}},"17":{"start":{"line":18,"column":0},"end":{"line":18,"column":33}},"20":{"start":{"line":21,"column":0},"end":{"line":21,"column":39}},"21":{"start":{"line":22,"column":0},"end":{"line":22,"column":23}},"22":{"start":{"line":23,"column":0},"end":{"line":23,"column":9}},"23":{"start":{"line":24,"column":0},"end":{"line":24,"column":66}},"24":{"start":{"line":25,"column":0},"end":{"line":25,"column":36}},"25":{"start":{"line":26,"column":0},"end":{"line":26,"column":17}},"26":{"start":{"line":27,"column":0},"end":{"line":27,"column":49}},"27":{"start":{"line":28,"column":0},"end":{"line":28,"column":23}},"28":{"start":{"line":29,"column":0},"end":{"line":29,"column":31}},"29":{"start":{"line":30,"column":0},"end":{"line":30,"column":28}},"30":{"start":{"line":31,"column":0},"end":{"line":31,"column":11}},"31":{"start":{"line":32,"column":0},"end":{"line":32,"column":7}},"32":{"start":{"line":33,"column":0},"end":{"line":33,"column":27}},"33":{"start":{"line":34,"column":0},"end":{"line":34,"column":21}},"34":{"start":{"line":35,"column":0},"end":{"line":35,"column":27}},"35":{"start":{"line":36,"column":0},"end":{"line":36,"column":64}},"36":{"start":{"line":37,"column":0},"end":{"line":37,"column":24}},"37":{"start":{"line":38,"column":0},"end":{"line":38,"column":28}},"38":{"start":{"line":39,"column":0},"end":{"line":39,"column":15}},"39":{"start":{"line":40,"column":0},"end":{"line":40,"column":5}},"40":{"start":{"line":41,"column":0},"end":{"line":41,"column":4}},"43":{"start":{"line":44,"column":0},"end":{"line":44,"column":42}},"44":{"start":{"line":45,"column":0},"end":{"line":45,"column":46}},"45":{"start":{"line":46,"column":0},"end":{"line":46,"column":9}},"46":{"start":{"line":47,"column":0},"end":{"line":47,"column":44}},"47":{"start":{"line":48,"column":0},"end":{"line":48,"column":36}},"48":{"start":{"line":49,"column":0},"end":{"line":49,"column":17}},"49":{"start":{"line":50,"column":0},"end":{"line":50,"column":49}},"50":{"start":{"line":51,"column":0},"end":{"line":51,"column":28}},"51":{"start":{"line":52,"column":0},"end":{"line":52,"column":52}},"52":{"start":{"line":53,"column":0},"end":{"line":53,"column":50}},"53":{"start":{"line":54,"column":0},"end":{"line":54,"column":11}},"54":{"start":{"line":55,"column":0},"end":{"line":55,"column":7}},"55":{"start":{"line":56,"column":0},"end":{"line":56,"column":27}},"56":{"start":{"line":57,"column":0},"end":{"line":57,"column":21}},"57":{"start":{"line":58,"column":0},"end":{"line":58,"column":27}},"58":{"start":{"line":59,"column":0},"end":{"line":59,"column":63}},"59":{"start":{"line":60,"column":0},"end":{"line":60,"column":24}},"60":{"start":{"line":61,"column":0},"end":{"line":61,"column":28}},"61":{"start":{"line":62,"column":0},"end":{"line":62,"column":15}},"62":{"start":{"line":63,"column":0},"end":{"line":63,"column":5}},"63":{"start":{"line":64,"column":0},"end":{"line":64,"column":3}},"65":{"start":{"line":66,"column":0},"end":{"line":66,"column":10}},"66":{"start":{"line":67,"column":0},"end":{"line":67,"column":21}},"67":{"start":{"line":68,"column":0},"end":{"line":68,"column":44}},"68":{"start":{"line":69,"column":0},"end":{"line":69,"column":45}},"69":{"start":{"line":70,"column":0},"end":{"line":70,"column":69}},"70":{"start":{"line":71,"column":0},"end":{"line":71,"column":15}},"71":{"start":{"line":72,"column":0},"end":{"line":72,"column":23}},"72":{"start":{"line":73,"column":0},"end":{"line":73,"column":30}},"73":{"start":{"line":74,"column":0},"end":{"line":74,"column":24}},"74":{"start":{"line":75,"column":0},"end":{"line":75,"column":53}},"75":{"start":{"line":76,"column":0},"end":{"line":76,"column":10}},"76":{"start":{"line":77,"column":0},"end":{"line":77,"column":25}},"77":{"start":{"line":78,"column":0},"end":{"line":78,"column":17}},"78":{"start":{"line":79,"column":0},"end":{"line":79,"column":54}},"79":{"start":{"line":80,"column":0},"end":{"line":80,"column":35}},"80":{"start":{"line":81,"column":0},"end":{"line":81,"column":29}},"81":{"start":{"line":82,"column":0},"end":{"line":82,"column":58}},"82":{"start":{"line":83,"column":0},"end":{"line":83,"column":12}},"83":{"start":{"line":84,"column":0},"end":{"line":84,"column":93}},"84":{"start":{"line":85,"column":0},"end":{"line":85,"column":49}},"85":{"start":{"line":86,"column":0},"end":{"line":86,"column":33}},"86":{"start":{"line":87,"column":0},"end":{"line":87,"column":26}},"87":{"start":{"line":88,"column":0},"end":{"line":88,"column":15}},"88":{"start":{"line":89,"column":0},"end":{"line":89,"column":22}},"89":{"start":{"line":90,"column":0},"end":{"line":90,"column":35}},"90":{"start":{"line":91,"column":0},"end":{"line":91,"column":28}},"91":{"start":{"line":92,"column":0},"end":{"line":92,"column":57}},"92":{"start":{"line":93,"column":0},"end":{"line":93,"column":10}},"93":{"start":{"line":94,"column":0},"end":{"line":94,"column":15}},"94":{"start":{"line":95,"column":0},"end":{"line":95,"column":22}},"95":{"start":{"line":96,"column":0},"end":{"line":96,"column":34}},"96":{"start":{"line":97,"column":0},"end":{"line":97,"column":27}},"97":{"start":{"line":98,"column":0},"end":{"line":98,"column":56}},"98":{"start":{"line":99,"column":0},"end":{"line":99,"column":10}},"99":{"start":{"line":100,"column":0},"end":{"line":100,"column":47}},"100":{"start":{"line":101,"column":0},"end":{"line":101,"column":24}},"101":{"start":{"line":102,"column":0},"end":{"line":102,"column":41}},"102":{"start":{"line":103,"column":0},"end":{"line":103,"column":74}},"103":{"start":{"line":104,"column":0},"end":{"line":104,"column":25}},"104":{"start":{"line":105,"column":0},"end":{"line":105,"column":19}},"105":{"start":{"line":106,"column":0},"end":{"line":106,"column":18}},"106":{"start":{"line":107,"column":0},"end":{"line":107,"column":25}},"107":{"start":{"line":108,"column":0},"end":{"line":108,"column":18}},"108":{"start":{"line":109,"column":0},"end":{"line":109,"column":20}},"109":{"start":{"line":110,"column":0},"end":{"line":110,"column":85}},"110":{"start":{"line":111,"column":0},"end":{"line":111,"column":19}},"111":{"start":{"line":112,"column":0},"end":{"line":112,"column":22}},"113":{"start":{"line":114,"column":0},"end":{"line":114,"column":2}},"115":{"start":{"line":116,"column":0},"end":{"line":116,"column":22}},"117":{"start":{"line":118,"column":0},"end":{"line":118,"column":35}},"122":{"start":{"line":123,"column":0},"end":{"line":123,"column":35}},"125":{"start":{"line":126,"column":0},"end":{"line":126,"column":31}},"126":{"start":{"line":127,"column":0},"end":{"line":127,"column":30}},"136":{"start":{"line":137,"column":0},"end":{"line":137,"column":29}},"140":{"start":{"line":141,"column":0},"end":{"line":141,"column":27}},"144":{"start":{"line":145,"column":0},"end":{"line":145,"column":40}},"150":{"start":{"line":151,"column":0},"end":{"line":151,"column":35}},"155":{"start":{"line":156,"column":0},"end":{"line":156,"column":35}},"160":{"start":{"line":161,"column":0},"end":{"line":161,"column":43}},"167":{"start":{"line":168,"column":0},"end":{"line":168,"column":29}},"170":{"start":{"line":171,"column":0},"end":{"line":171,"column":28}},"174":{"start":{"line":175,"column":0},"end":{"line":175,"column":29}},"177":{"start":{"line":178,"column":0},"end":{"line":178,"column":31}},"186":{"start":{"line":187,"column":0},"end":{"line":187,"column":34}},"190":{"start":{"line":191,"column":0},"end":{"line":191,"column":34}},"198":{"start":{"line":199,"column":0},"end":{"line":199,"column":31}},"202":{"start":{"line":203,"column":0},"end":{"line":203,"column":30}},"203":{"start":{"line":204,"column":0},"end":{"line":204,"column":26}},"208":{"start":{"line":209,"column":0},"end":{"line":209,"column":29}},"212":{"start":{"line":213,"column":0},"end":{"line":213,"column":29}},"219":{"start":{"line":220,"column":0},"end":{"line":220,"column":31}},"223":{"start":{"line":224,"column":0},"end":{"line":224,"column":24}},"226":{"start":{"line":227,"column":0},"end":{"line":227,"column":34}},"229":{"start":{"line":230,"column":0},"end":{"line":230,"column":35}},"232":{"start":{"line":233,"column":0},"end":{"line":233,"column":31}},"242":{"start":{"line":243,"column":0},"end":{"line":243,"column":37}},"246":{"start":{"line":247,"column":0},"end":{"line":247,"column":30}},"247":{"start":{"line":248,"column":0},"end":{"line":248,"column":25}}},"s":{"0":1,"1":1,"2":1,"3":1,"4":1,"5":1,"6":1,"7":1,"8":1,"10":1,"11":14,"12":14,"13":14,"14":14,"15":14,"16":14,"17":14,"20":14,"21":2,"22":2,"23":2,"24":1,"25":2,"26":0,"27":0,"28":0,"29":0,"30":0,"31":0,"32":1,"33":1,"34":1,"35":1,"36":1,"37":0,"38":1,"39":1,"40":2,"43":14,"44":1,"45":1,"46":1,"47":1,"48":1,"49":0,"50":0,"51":0,"52":0,"53":0,"54":0,"55":1,"56":1,"57":0,"58":0,"59":0,"60":0,"61":0,"62":0,"63":1,"65":14,"66":14,"67":14,"68":14,"69":14,"70":14,"71":14,"72":14,"73":14,"74":14,"75":14,"76":14,"77":14,"78":14,"79":14,"80":14,"81":14,"82":14,"83":14,"84":14,"85":14,"86":14,"87":14,"88":14,"89":14,"90":14,"91":14,"92":14,"93":14,"94":14,"95":14,"96":14,"97":14,"98":14,"99":14,"100":14,"101":14,"102":14,"103":14,"104":14,"105":14,"106":14,"107":14,"108":14,"109":14,"110":14,"111":14,"113":14,"115":1,"117":1,"122":1,"125":1,"126":1,"136":1,"140":1,"144":1,"150":1,"155":1,"160":1,"167":1,"170":1,"174":1,"177":1,"186":1,"190":1,"198":1,"202":1,"203":1,"208":1,"212":1,"219":1,"223":1,"226":1,"229":1,"232":1,"242":1,"246":1,"247":1},"branchMap":{"0":{"type":"branch","line":11,"loc":{"start":{"line":11,"column":15},"end":{"line":114,"column":2}},"locations":[{"start":{"line":11,"column":15},"end":{"line":114,"column":2}}]},"1":{"type":"branch","line":70,"loc":{"start":{"line":70,"column":9},"end":{"line":70,"column":69}},"locations":[{"start":{"line":70,"column":9},"end":{"line":70,"column":69}}]},"2":{"type":"branch","line":79,"loc":{"start":{"line":79,"column":18},"end":{"line":79,"column":42}},"locations":[{"start":{"line":79,"column":18},"end":{"line":79,"column":42}}]},"3":{"type":"branch","line":79,"loc":{"start":{"line":79,"column":33},"end":{"line":79,"column":54}},"locations":[{"start":{"line":79,"column":33},"end":{"line":79,"column":54}}]},"4":{"type":"branch","line":85,"loc":{"start":{"line":85,"column":13},"end":{"line":85,"column":41}},"locations":[{"start":{"line":85,"column":13},"end":{"line":85,"column":41}}]},"5":{"type":"branch","line":85,"loc":{"start":{"line":85,"column":36},"end":{"line":85,"column":49}},"locations":[{"start":{"line":85,"column":36},"end":{"line":85,"column":49}}]},"6":{"type":"branch","line":21,"loc":{"start":{"line":21,"column":25},"end":{"line":41,"column":4}},"locations":[{"start":{"line":21,"column":25},"end":{"line":41,"column":4}}]},"7":{"type":"branch","line":24,"loc":{"start":{"line":24,"column":64},"end":{"line":26,"column":16}},"locations":[{"start":{"line":24,"column":64},"end":{"line":26,"column":16}}]},"8":{"type":"branch","line":26,"loc":{"start":{"line":26,"column":16},"end":{"line":32,"column":7}},"locations":[{"start":{"line":26,"column":16},"end":{"line":32,"column":7}}]},"9":{"type":"branch","line":32,"loc":{"start":{"line":32,"column":6},"end":{"line":40,"column":5}},"locations":[{"start":{"line":32,"column":6},"end":{"line":40,"column":5}}]},"10":{"type":"branch","line":44,"loc":{"start":{"line":44,"column":29},"end":{"line":64,"column":3}},"locations":[{"start":{"line":44,"column":29},"end":{"line":64,"column":3}}]},"11":{"type":"branch","line":49,"loc":{"start":{"line":49,"column":16},"end":{"line":55,"column":7}},"locations":[{"start":{"line":49,"column":16},"end":{"line":55,"column":7}}]},"12":{"type":"branch","line":57,"loc":{"start":{"line":57,"column":4},"end":{"line":63,"column":5}},"locations":[{"start":{"line":57,"column":4},"end":{"line":63,"column":5}}]},"13":{"type":"branch","line":75,"loc":{"start":{"line":75,"column":20},"end":{"line":75,"column":53}},"locations":[{"start":{"line":75,"column":20},"end":{"line":75,"column":53}}]},"14":{"type":"branch","line":82,"loc":{"start":{"line":82,"column":22},"end":{"line":82,"column":58}},"locations":[{"start":{"line":82,"column":22},"end":{"line":82,"column":58}}]},"15":{"type":"branch","line":84,"loc":{"start":{"line":84,"column":55},"end":{"line":84,"column":93}},"locations":[{"start":{"line":84,"column":55},"end":{"line":84,"column":93}}]},"16":{"type":"branch","line":92,"loc":{"start":{"line":92,"column":20},"end":{"line":92,"column":57}},"locations":[{"start":{"line":92,"column":20},"end":{"line":92,"column":57}}]},"17":{"type":"branch","line":98,"loc":{"start":{"line":98,"column":20},"end":{"line":98,"column":56}},"locations":[{"start":{"line":98,"column":20},"end":{"line":98,"column":56}}]}},"b":{"0":[14],"1":[1],"2":[1],"3":[13],"4":[1],"5":[13],"6":[2],"7":[1],"8":[0],"9":[1],"10":[1],"11":[0],"12":[0],"13":[2],"14":[2],"15":[2],"16":[1],"17":[1]},"fnMap":{"0":{"name":"Signup","decl":{"start":{"line":11,"column":15},"end":{"line":114,"column":2}},"loc":{"start":{"line":11,"column":15},"end":{"line":114,"column":2}},"line":11},"1":{"name":"handleRegister","decl":{"start":{"line":21,"column":25},"end":{"line":41,"column":4}},"loc":{"start":{"line":21,"column":25},"end":{"line":41,"column":4}},"line":21},"2":{"name":"handleGoogleSignup","decl":{"start":{"line":44,"column":29},"end":{"line":64,"column":3}},"loc":{"start":{"line":44,"column":29},"end":{"line":64,"column":3}},"line":44},"3":{"name":"onChange","decl":{"start":{"line":75,"column":20},"end":{"line":75,"column":53}},"loc":{"start":{"line":75,"column":20},"end":{"line":75,"column":53}},"line":75},"4":{"name":"onChange","decl":{"start":{"line":82,"column":22},"end":{"line":82,"column":58}},"loc":{"start":{"line":82,"column":22},"end":{"line":82,"column":58}},"line":82},"5":{"name":"onClick","decl":{"start":{"line":84,"column":55},"end":{"line":84,"column":93}},"loc":{"start":{"line":84,"column":55},"end":{"line":84,"column":93}},"line":84},"6":{"name":"onChange","decl":{"start":{"line":92,"column":20},"end":{"line":92,"column":57}},"loc":{"start":{"line":92,"column":20},"end":{"line":92,"column":57}},"line":92},"7":{"name":"onChange","decl":{"start":{"line":98,"column":20},"end":{"line":98,"column":56}},"loc":{"start":{"line":98,"column":20},"end":{"line":98,"column":56}},"line":98},"8":{"name":"onClick","decl":{"start":{"line":103,"column":30},"end":{"line":103,"column":56}},"loc":{"start":{"line":103,"column":30},"end":{"line":103,"column":56}},"line":103}},"f":{"0":14,"1":2,"2":1,"3":2,"4":2,"5":2,"6":1,"7":1,"8":0}}
,"/Users/jonathanramos/Developer/Websites/the-detailers-edge/src/pages/testimonials.jsx": {"path":"/Users/jonathanramos/Developer/Websites/the-detailers-edge/src/pages/testimonials.jsx","all":true,"statementMap":{"0":{"start":{"line":1,"column":0},"end":{"line":1,"column":26}},"2":{"start":{"line":3,"column":0},"end":{"line":3,"column":28}},"3":{"start":{"line":4,"column":0},"end":{"line":4,"column":51}},"4":{"start":{"line":5,"column":0},"end":{"line":5,"column":2}},"6":{"start":{"line":7,"column":0},"end":{"line":7,"column":28}}},"s":{"0":0,"2":0,"3":0,"4":0,"6":0},"branchMap":{"0":{"type":"branch","line":1,"loc":{"start":{"line":1,"column":68},"end":{"line":7,"column":-87}},"locations":[{"start":{"line":1,"column":68},"end":{"line":7,"column":-87}}]}},"b":{"0":[0]},"fnMap":{"0":{"name":"(empty-report)","decl":{"start":{"line":1,"column":68},"end":{"line":7,"column":-87}},"loc":{"start":{"line":1,"column":68},"end":{"line":7,"column":-87}},"line":1}},"f":{"0":0}}
,"/Users/jonathanramos/Developer/Websites/the-detailers-edge/src/styles/colors.jsx": {"path":"/Users/jonathanramos/Developer/Websites/the-detailers-edge/src/styles/colors.jsx","all":false,"statementMap":{"0":{"start":{"line":1,"column":0},"end":{"line":1,"column":16}},"1":{"start":{"line":2,"column":0},"end":{"line":2,"column":46}},"2":{"start":{"line":3,"column":0},"end":{"line":3,"column":71}},"3":{"start":{"line":4,"column":0},"end":{"line":4,"column":57}},"4":{"start":{"line":5,"column":0},"end":{"line":5,"column":59}},"5":{"start":{"line":6,"column":0},"end":{"line":6,"column":81}},"6":{"start":{"line":7,"column":0},"end":{"line":7,"column":48}},"7":{"start":{"line":8,"column":0},"end":{"line":8,"column":23}},"8":{"start":{"line":9,"column":0},"end":{"line":9,"column":23}},"9":{"start":{"line":10,"column":0},"end":{"line":10,"column":22}},"10":{"start":{"line":11,"column":0},"end":{"line":11,"column":25}},"11":{"start":{"line":12,"column":0},"end":{"line":12,"column":2}},"13":{"start":{"line":14,"column":0},"end":{"line":14,"column":22}}},"s":{"0":1,"1":1,"2":1,"3":1,"4":1,"5":1,"6":1,"7":1,"8":1,"9":1,"10":1,"11":1,"13":1},"branchMap":{},"b":{},"fnMap":{},"f":{}}
}
