{"/Users/ayoposiolubamisaye/the-detailers-edge/src/App.jsx": {"path":"/Users/ayoposiolubamisaye/the-detailers-edge/src/App.jsx","all":true,"statementMap":{"0":{"start":{"line":1,"column":0},"end":{"line":1,"column":26}},"1":{"start":{"line":2,"column":0},"end":{"line":2,"column":41}},"2":{"start":{"line":3,"column":0},"end":{"line":3,"column":8}},"7":{"start":{"line":8,"column":0},"end":{"line":8,"column":27}},"8":{"start":{"line":9,"column":0},"end":{"line":9,"column":40}},"9":{"start":{"line":10,"column":0},"end":{"line":10,"column":42}},"10":{"start":{"line":11,"column":0},"end":{"line":11,"column":36}},"11":{"start":{"line":12,"column":0},"end":{"line":12,"column":48}},"12":{"start":{"line":13,"column":0},"end":{"line":13,"column":38}},"13":{"start":{"line":14,"column":0},"end":{"line":14,"column":38}},"16":{"start":{"line":17,"column":0},"end":{"line":17,"column":16}},"17":{"start":{"line":18,"column":0},"end":{"line":18,"column":10}},"18":{"start":{"line":19,"column":0},"end":{"line":19,"column":12}},"19":{"start":{"line":20,"column":0},"end":{"line":20,"column":16}},"20":{"start":{"line":21,"column":0},"end":{"line":21,"column":14}},"21":{"start":{"line":22,"column":0},"end":{"line":22,"column":51}},"22":{"start":{"line":23,"column":0},"end":{"line":23,"column":57}},"23":{"start":{"line":24,"column":0},"end":{"line":24,"column":14}},"24":{"start":{"line":25,"column":0},"end":{"line":25,"column":25}},"25":{"start":{"line":26,"column":0},"end":{"line":26,"column":31}},"26":{"start":{"line":27,"column":0},"end":{"line":27,"column":10}},"27":{"start":{"line":28,"column":0},"end":{"line":28,"column":59}},"28":{"start":{"line":29,"column":0},"end":{"line":29,"column":65}},"29":{"start":{"line":30,"column":0},"end":{"line":30,"column":55}},"30":{"start":{"line":31,"column":0},"end":{"line":31,"column":14}},"31":{"start":{"line":32,"column":0},"end":{"line":32,"column":25}},"32":{"start":{"line":33,"column":0},"end":{"line":33,"column":30}},"33":{"start":{"line":34,"column":0},"end":{"line":34,"column":10}},"34":{"start":{"line":35,"column":0},"end":{"line":35,"column":17}},"35":{"start":{"line":36,"column":0},"end":{"line":36,"column":13}},"37":{"start":{"line":38,"column":0},"end":{"line":38,"column":2}},"39":{"start":{"line":40,"column":0},"end":{"line":40,"column":18}}},"s":{"0":0,"1":0,"2":0,"7":0,"8":0,"9":0,"10":0,"11":0,"12":0,"13":0,"16":0,"17":0,"18":0,"19":0,"20":0,"21":0,"22":0,"23":0,"24":0,"25":0,"26":0,"27":0,"28":0,"29":0,"30":0,"31":0,"32":0,"33":0,"34":0,"35":0,"37":0,"39":0},"branchMap":{"0":{"type":"branch","line":1,"loc":{"start":{"line":1,"column":482},"end":{"line":40,"column":-654}},"locations":[{"start":{"line":1,"column":482},"end":{"line":40,"column":-654}}]}},"b":{"0":[0]},"fnMap":{"0":{"name":"(empty-report)","decl":{"start":{"line":1,"column":482},"end":{"line":40,"column":-654}},"loc":{"start":{"line":1,"column":482},"end":{"line":40,"column":-654}},"line":1}},"f":{"0":0}}
,"/Users/ayoposiolubamisaye/the-detailers-edge/src/firebase.js": {"path":"/Users/ayoposiolubamisaye/the-detailers-edge/src/firebase.js","all":false,"statementMap":{"0":{"start":{"line":1,"column":0},"end":{"line":1,"column":74}},"1":{"start":{"line":2,"column":0},"end":{"line":2,"column":69}},"2":{"start":{"line":3,"column":0},"end":{"line":3,"column":79}},"4":{"start":{"line":5,"column":0},"end":{"line":5,"column":24}},"5":{"start":{"line":6,"column":0},"end":{"line":6,"column":52}},"6":{"start":{"line":7,"column":0},"end":{"line":7,"column":51}},"7":{"start":{"line":8,"column":0},"end":{"line":8,"column":72}},"8":{"start":{"line":9,"column":0},"end":{"line":9,"column":34}},"9":{"start":{"line":10,"column":0},"end":{"line":10,"column":58}},"10":{"start":{"line":11,"column":0},"end":{"line":11,"column":36}},"11":{"start":{"line":12,"column":0},"end":{"line":12,"column":53}},"12":{"start":{"line":13,"column":0},"end":{"line":13,"column":31}},"13":{"start":{"line":14,"column":0},"end":{"line":14,"column":2}},"15":{"start":{"line":16,"column":0},"end":{"line":16,"column":22}},"16":{"start":{"line":17,"column":0},"end":{"line":17,"column":42}},"17":{"start":{"line":18,"column":0},"end":{"line":18,"column":26}},"18":{"start":{"line":19,"column":0},"end":{"line":19,"column":36}},"21":{"start":{"line":22,"column":0},"end":{"line":22,"column":19}}},"s":{"0":1,"1":1,"2":1,"4":1,"5":1,"6":1,"7":1,"8":1,"9":1,"10":1,"11":1,"12":1,"13":1,"15":1,"16":1,"17":1,"18":1,"21":1},"branchMap":{},"b":{},"fnMap":{},"f":{}}
,"/Users/ayoposiolubamisaye/the-detailers-edge/src/main.jsx": {"path":"/Users/ayoposiolubamisaye/the-detailers-edge/src/main.jsx","all":true,"statementMap":{"0":{"start":{"line":1,"column":0},"end":{"line":1,"column":34}},"1":{"start":{"line":2,"column":0},"end":{"line":2,"column":45}},"2":{"start":{"line":3,"column":0},"end":{"line":3,"column":20}},"3":{"start":{"line":4,"column":0},"end":{"line":4,"column":27}},"5":{"start":{"line":6,"column":0},"end":{"line":6,"column":51}},"6":{"start":{"line":7,"column":0},"end":{"line":7,"column":14}},"7":{"start":{"line":8,"column":0},"end":{"line":8,"column":11}},"8":{"start":{"line":9,"column":0},"end":{"line":9,"column":16}},"9":{"start":{"line":10,"column":0},"end":{"line":10,"column":1}}},"s":{"0":0,"1":0,"2":0,"3":0,"5":0,"6":0,"7":0,"8":0,"9":0},"branchMap":{"0":{"type":"branch","line":1,"loc":{"start":{"line":1,"column":202},"end":{"line":10,"column":-147}},"locations":[{"start":{"line":1,"column":202},"end":{"line":10,"column":-147}}]}},"b":{"0":[0]},"fnMap":{"0":{"name":"(empty-report)","decl":{"start":{"line":1,"column":202},"end":{"line":10,"column":-147}},"loc":{"start":{"line":1,"column":202},"end":{"line":10,"column":-147}},"line":1}},"f":{"0":0}}
,"/Users/ayoposiolubamisaye/the-detailers-edge/src/components/Navbar.jsx": {"path":"/Users/ayoposiolubamisaye/the-detailers-edge/src/components/Navbar.jsx","all":true,"statementMap":{"0":{"start":{"line":1,"column":0},"end":{"line":1,"column":40}},"1":{"start":{"line":2,"column":0},"end":{"line":2,"column":49}},"2":{"start":{"line":3,"column":0},"end":{"line":3,"column":156}},"3":{"start":{"line":4,"column":0},"end":{"line":4,"column":61}},"5":{"start":{"line":6,"column":0},"end":{"line":6,"column":22}},"6":{"start":{"line":7,"column":0},"end":{"line":7,"column":48}},"7":{"start":{"line":8,"column":0},"end":{"line":8,"column":64}},"9":{"start":{"line":10,"column":0},"end":{"line":10,"column":48}},"10":{"start":{"line":11,"column":0},"end":{"line":11,"column":68}},"12":{"start":{"line":13,"column":0},"end":{"line":13,"column":12}},"13":{"start":{"line":14,"column":0},"end":{"line":14,"column":10}},"14":{"start":{"line":15,"column":0},"end":{"line":15,"column":17}},"15":{"start":{"line":16,"column":0},"end":{"line":16,"column":32}},"16":{"start":{"line":17,"column":0},"end":{"line":17,"column":72}},"17":{"start":{"line":18,"column":0},"end":{"line":18,"column":26}},"19":{"start":{"line":20,"column":0},"end":{"line":20,"column":41}},"20":{"start":{"line":21,"column":0},"end":{"line":21,"column":62}},"21":{"start":{"line":22,"column":0},"end":{"line":22,"column":64}},"22":{"start":{"line":23,"column":0},"end":{"line":23,"column":70}},"23":{"start":{"line":24,"column":0},"end":{"line":24,"column":60}},"24":{"start":{"line":25,"column":0},"end":{"line":25,"column":26}},"26":{"start":{"line":27,"column":0},"end":{"line":27,"column":31}},"27":{"start":{"line":28,"column":0},"end":{"line":28,"column":65}},"28":{"start":{"line":29,"column":0},"end":{"line":29,"column":64}},"29":{"start":{"line":30,"column":0},"end":{"line":30,"column":32}},"32":{"start":{"line":33,"column":0},"end":{"line":33,"column":51}},"33":{"start":{"line":34,"column":0},"end":{"line":34,"column":55}},"34":{"start":{"line":35,"column":0},"end":{"line":35,"column":27}},"35":{"start":{"line":36,"column":0},"end":{"line":36,"column":18}},"38":{"start":{"line":39,"column":0},"end":{"line":39,"column":46}},"39":{"start":{"line":40,"column":0},"end":{"line":40,"column":54}},"40":{"start":{"line":41,"column":0},"end":{"line":41,"column":31}},"41":{"start":{"line":42,"column":0},"end":{"line":42,"column":30}},"42":{"start":{"line":43,"column":0},"end":{"line":43,"column":33}},"43":{"start":{"line":44,"column":0},"end":{"line":44,"column":74}},"44":{"start":{"line":45,"column":0},"end":{"line":45,"column":76}},"45":{"start":{"line":46,"column":0},"end":{"line":46,"column":82}},"46":{"start":{"line":47,"column":0},"end":{"line":47,"column":72}},"47":{"start":{"line":48,"column":0},"end":{"line":48,"column":73}},"48":{"start":{"line":49,"column":0},"end":{"line":49,"column":72}},"49":{"start":{"line":50,"column":0},"end":{"line":50,"column":34}},"50":{"start":{"line":51,"column":0},"end":{"line":51,"column":23}},"51":{"start":{"line":52,"column":0},"end":{"line":52,"column":11}},"53":{"start":{"line":54,"column":0},"end":{"line":54,"column":2}},"55":{"start":{"line":56,"column":0},"end":{"line":56,"column":22}}},"s":{"0":0,"1":0,"2":0,"3":0,"5":0,"6":0,"7":0,"9":0,"10":0,"12":0,"13":0,"14":0,"15":0,"16":0,"17":0,"19":0,"20":0,"21":0,"22":0,"23":0,"24":0,"26":0,"27":0,"28":0,"29":0,"32":0,"33":0,"34":0,"35":0,"38":0,"39":0,"40":0,"41":0,"42":0,"43":0,"44":0,"45":0,"46":0,"47":0,"48":0,"49":0,"50":0,"51":0,"53":0,"55":0},"branchMap":{"0":{"type":"branch","line":1,"loc":{"start":{"line":1,"column":589},"end":{"line":56,"column":-1366}},"locations":[{"start":{"line":1,"column":589},"end":{"line":56,"column":-1366}}]}},"b":{"0":[0]},"fnMap":{"0":{"name":"(empty-report)","decl":{"start":{"line":1,"column":589},"end":{"line":56,"column":-1366}},"loc":{"start":{"line":1,"column":589},"end":{"line":56,"column":-1366}},"line":1}},"f":{"0":0}}
,"/Users/ayoposiolubamisaye/the-detailers-edge/src/components/NavbarElements.jsx": {"path":"/Users/ayoposiolubamisaye/the-detailers-edge/src/components/NavbarElements.jsx","all":true,"statementMap":{"0":{"start":{"line":1,"column":0},"end":{"line":1,"column":39}},"1":{"start":{"line":2,"column":0},"end":{"line":2,"column":51}},"2":{"start":{"line":3,"column":0},"end":{"line":3,"column":34}},"3":{"start":{"line":4,"column":0},"end":{"line":4,"column":38}},"5":{"start":{"line":6,"column":0},"end":{"line":6,"column":30}},"6":{"start":{"line":7,"column":0},"end":{"line":7,"column":35}},"16":{"start":{"line":17,"column":0},"end":{"line":17,"column":36}},"17":{"start":{"line":18,"column":0},"end":{"line":18,"column":24}},"30":{"start":{"line":31,"column":0},"end":{"line":31,"column":36}},"31":{"start":{"line":32,"column":0},"end":{"line":32,"column":28}},"45":{"start":{"line":46,"column":0},"end":{"line":46,"column":37}},"55":{"start":{"line":56,"column":0},"end":{"line":56,"column":32}},"59":{"start":{"line":60,"column":0},"end":{"line":60,"column":34}},"71":{"start":{"line":72,"column":0},"end":{"line":72,"column":37}},"74":{"start":{"line":75,"column":0},"end":{"line":75,"column":59}},"78":{"start":{"line":79,"column":0},"end":{"line":79,"column":40}},"90":{"start":{"line":91,"column":0},"end":{"line":91,"column":38}},"92":{"start":{"line":93,"column":0},"end":{"line":93,"column":47}},"108":{"start":{"line":109,"column":0},"end":{"line":109,"column":73}},"118":{"start":{"line":119,"column":0},"end":{"line":119,"column":64}},"124":{"start":{"line":125,"column":0},"end":{"line":125,"column":41}},"125":{"start":{"line":126,"column":0},"end":{"line":126,"column":32}},"126":{"start":{"line":127,"column":0},"end":{"line":127,"column":30}},"139":{"start":{"line":140,"column":0},"end":{"line":140,"column":63}},"140":{"start":{"line":141,"column":0},"end":{"line":141,"column":32}},"146":{"start":{"line":147,"column":0},"end":{"line":147,"column":35}},"155":{"start":{"line":156,"column":0},"end":{"line":156,"column":26}},"159":{"start":{"line":160,"column":0},"end":{"line":160,"column":35}},"168":{"start":{"line":169,"column":0},"end":{"line":169,"column":108}},"173":{"start":{"line":174,"column":0},"end":{"line":174,"column":42}},"180":{"start":{"line":181,"column":0},"end":{"line":181,"column":41}},"183":{"start":{"line":184,"column":0},"end":{"line":184,"column":24}},"191":{"start":{"line":192,"column":0},"end":{"line":192,"column":31}}},"s":{"0":0,"1":0,"2":0,"3":0,"5":0,"6":0,"16":0,"17":0,"30":0,"31":0,"45":0,"55":0,"59":0,"71":0,"74":0,"78":0,"90":0,"92":0,"108":0,"118":0,"124":0,"125":0,"126":0,"139":0,"140":0,"146":0,"155":0,"159":0,"168":0,"173":0,"180":0,"183":0,"191":0},"branchMap":{"0":{"type":"branch","line":1,"loc":{"start":{"line":1,"column":0},"end":{"line":194,"column":-1648}},"locations":[{"start":{"line":1,"column":0},"end":{"line":194,"column":-1648}}]}},"b":{"0":[0]},"fnMap":{"0":{"name":"(empty-report)","decl":{"start":{"line":1,"column":0},"end":{"line":194,"column":-1648}},"loc":{"start":{"line":1,"column":0},"end":{"line":194,"column":-1648}},"line":1}},"f":{"0":0}}
,"/Users/ayoposiolubamisaye/the-detailers-edge/src/pages/booking.jsx": {"path":"/Users/ayoposiolubamisaye/the-detailers-edge/src/pages/booking.jsx","all":false,"statementMap":{"1":{"start":{"line":2,"column":0},"end":{"line":2,"column":40}},"2":{"start":{"line":3,"column":0},"end":{"line":3,"column":57}},"4":{"start":{"line":5,"column":0},"end":{"line":5,"column":23}},"6":{"start":{"line":7,"column":0},"end":{"line":7,"column":56}},"8":{"start":{"line":9,"column":0},"end":{"line":9,"column":20}},"9":{"start":{"line":10,"column":0},"end":{"line":10,"column":5}},"10":{"start":{"line":11,"column":0},"end":{"line":11,"column":34}},"11":{"start":{"line":12,"column":0},"end":{"line":12,"column":118}},"12":{"start":{"line":13,"column":0},"end":{"line":13,"column":29}},"14":{"start":{"line":15,"column":0},"end":{"line":15,"column":6}},"15":{"start":{"line":16,"column":0},"end":{"line":16,"column":5}},"16":{"start":{"line":17,"column":0},"end":{"line":17,"column":34}},"17":{"start":{"line":18,"column":0},"end":{"line":18,"column":91}},"18":{"start":{"line":19,"column":0},"end":{"line":19,"column":29}},"20":{"start":{"line":21,"column":0},"end":{"line":21,"column":6}},"21":{"start":{"line":22,"column":0},"end":{"line":22,"column":5}},"22":{"start":{"line":23,"column":0},"end":{"line":23,"column":35}},"23":{"start":{"line":24,"column":0},"end":{"line":24,"column":108}},"24":{"start":{"line":25,"column":0},"end":{"line":25,"column":29}},"26":{"start":{"line":27,"column":0},"end":{"line":27,"column":5}},"27":{"start":{"line":28,"column":0},"end":{"line":28,"column":4}},"28":{"start":{"line":29,"column":0},"end":{"line":29,"column":27}},"29":{"start":{"line":30,"column":0},"end":{"line":30,"column":60}},"30":{"start":{"line":31,"column":0},"end":{"line":31,"column":4}},"32":{"start":{"line":33,"column":0},"end":{"line":33,"column":27}},"33":{"start":{"line":34,"column":0},"end":{"line":34,"column":78}},"34":{"start":{"line":35,"column":0},"end":{"line":35,"column":4}},"36":{"start":{"line":37,"column":0},"end":{"line":37,"column":12}},"37":{"start":{"line":38,"column":0},"end":{"line":38,"column":47}},"38":{"start":{"line":39,"column":0},"end":{"line":39,"column":30}},"39":{"start":{"line":40,"column":0},"end":{"line":40,"column":68}},"40":{"start":{"line":41,"column":0},"end":{"line":41,"column":47}},"41":{"start":{"line":42,"column":0},"end":{"line":42,"column":18}},"42":{"start":{"line":43,"column":0},"end":{"line":43,"column":27}},"43":{"start":{"line":44,"column":0},"end":{"line":44,"column":99}},"44":{"start":{"line":45,"column":0},"end":{"line":45,"column":79}},"45":{"start":{"line":46,"column":0},"end":{"line":46,"column":19}},"46":{"start":{"line":47,"column":0},"end":{"line":47,"column":24}},"47":{"start":{"line":48,"column":0},"end":{"line":48,"column":75}},"48":{"start":{"line":49,"column":0},"end":{"line":49,"column":18}},"50":{"start":{"line":51,"column":0},"end":{"line":51,"column":20}},"51":{"start":{"line":52,"column":0},"end":{"line":52,"column":37}},"52":{"start":{"line":53,"column":0},"end":{"line":53,"column":37}},"53":{"start":{"line":54,"column":0},"end":{"line":54,"column":54}},"54":{"start":{"line":55,"column":0},"end":{"line":55,"column":18}},"55":{"start":{"line":56,"column":0},"end":{"line":56,"column":56}},"56":{"start":{"line":57,"column":0},"end":{"line":57,"column":78}},"57":{"start":{"line":58,"column":0},"end":{"line":58,"column":77}},"58":{"start":{"line":59,"column":0},"end":{"line":59,"column":88}},"59":{"start":{"line":60,"column":0},"end":{"line":60,"column":22}},"60":{"start":{"line":61,"column":0},"end":{"line":61,"column":20}},"61":{"start":{"line":62,"column":0},"end":{"line":62,"column":15}},"63":{"start":{"line":64,"column":0},"end":{"line":64,"column":19}},"64":{"start":{"line":65,"column":0},"end":{"line":65,"column":33}},"65":{"start":{"line":66,"column":0},"end":{"line":66,"column":105}},"67":{"start":{"line":68,"column":0},"end":{"line":68,"column":49}},"68":{"start":{"line":69,"column":0},"end":{"line":69,"column":21}},"69":{"start":{"line":70,"column":0},"end":{"line":70,"column":19}},"70":{"start":{"line":71,"column":0},"end":{"line":71,"column":33}},"71":{"start":{"line":72,"column":0},"end":{"line":72,"column":106}},"73":{"start":{"line":74,"column":0},"end":{"line":74,"column":50}},"74":{"start":{"line":75,"column":0},"end":{"line":75,"column":21}},"75":{"start":{"line":76,"column":0},"end":{"line":76,"column":16}},"76":{"start":{"line":77,"column":0},"end":{"line":77,"column":14}},"78":{"start":{"line":79,"column":0},"end":{"line":79,"column":175}},"79":{"start":{"line":80,"column":0},"end":{"line":80,"column":40}},"80":{"start":{"line":81,"column":0},"end":{"line":81,"column":33}},"81":{"start":{"line":82,"column":0},"end":{"line":82,"column":33}},"82":{"start":{"line":83,"column":0},"end":{"line":83,"column":36}},"83":{"start":{"line":84,"column":0},"end":{"line":84,"column":21}},"85":{"start":{"line":86,"column":0},"end":{"line":86,"column":10}},"87":{"start":{"line":88,"column":0},"end":{"line":88,"column":2}},"89":{"start":{"line":90,"column":0},"end":{"line":90,"column":23}}},"s":{"1":1,"2":1,"4":1,"6":12,"8":12,"9":12,"10":12,"11":12,"12":12,"14":12,"15":12,"16":12,"17":12,"18":12,"20":12,"21":12,"22":12,"23":12,"24":12,"26":12,"27":12,"28":12,"29":4,"30":4,"32":12,"33":1,"34":1,"36":12,"37":12,"38":12,"39":12,"40":12,"41":33,"42":33,"43":33,"44":33,"45":33,"46":33,"47":33,"48":33,"50":33,"51":33,"52":33,"53":33,"54":33,"55":33,"56":33,"57":33,"58":33,"59":33,"60":33,"61":12,"63":12,"64":12,"65":12,"67":12,"68":12,"69":12,"70":12,"71":12,"73":12,"74":12,"75":12,"76":12,"78":12,"79":12,"80":12,"81":12,"82":12,"83":12,"85":12,"87":12,"89":1},"branchMap":{"0":{"type":"branch","line":5,"loc":{"start":{"line":5,"column":16},"end":{"line":88,"column":2}},"locations":[{"start":{"line":5,"column":16},"end":{"line":88,"column":2}}]},"1":{"type":"branch","line":29,"loc":{"start":{"line":29,"column":20},"end":{"line":31,"column":4}},"locations":[{"start":{"line":29,"column":20},"end":{"line":31,"column":4}}]},"2":{"type":"branch","line":30,"loc":{"start":{"line":30,"column":20},"end":{"line":30,"column":58}},"locations":[{"start":{"line":30,"column":20},"end":{"line":30,"column":58}}]},"3":{"type":"branch","line":33,"loc":{"start":{"line":33,"column":20},"end":{"line":35,"column":4}},"locations":[{"start":{"line":33,"column":20},"end":{"line":35,"column":4}}]},"4":{"type":"branch","line":34,"loc":{"start":{"line":34,"column":20},"end":{"line":34,"column":76}},"locations":[{"start":{"line":34,"column":20},"end":{"line":34,"column":76}}]},"5":{"type":"branch","line":41,"loc":{"start":{"line":41,"column":26},"end":{"line":61,"column":20}},"locations":[{"start":{"line":41,"column":26},"end":{"line":61,"column":20}}]},"6":{"type":"branch","line":45,"loc":{"start":{"line":45,"column":28},"end":{"line":45,"column":61}},"locations":[{"start":{"line":45,"column":28},"end":{"line":45,"column":61}}]},"7":{"type":"branch","line":45,"loc":{"start":{"line":45,"column":43},"end":{"line":45,"column":79}},"locations":[{"start":{"line":45,"column":43},"end":{"line":45,"column":79}}]}},"b":{"0":[12],"1":[4],"2":[4],"3":[1],"4":[1],"5":[33],"6":[11],"7":[22]},"fnMap":{"0":{"name":"Booking","decl":{"start":{"line":5,"column":16},"end":{"line":88,"column":2}},"loc":{"start":{"line":5,"column":16},"end":{"line":88,"column":2}},"line":5},"1":{"name":"nextSlide","decl":{"start":{"line":29,"column":20},"end":{"line":31,"column":4}},"loc":{"start":{"line":29,"column":20},"end":{"line":31,"column":4}},"line":29},"2":{"name":"prevSlide","decl":{"start":{"line":33,"column":20},"end":{"line":35,"column":4}},"loc":{"start":{"line":33,"column":20},"end":{"line":35,"column":4}},"line":33}},"f":{"0":12,"1":4,"2":1}}
,"/Users/ayoposiolubamisaye/the-detailers-edge/src/pages/contact.jsx": {"path":"/Users/ayoposiolubamisaye/the-detailers-edge/src/pages/contact.jsx","all":true,"statementMap":{"0":{"start":{"line":1,"column":0},"end":{"line":1,"column":26}},"2":{"start":{"line":3,"column":0},"end":{"line":3,"column":23}},"3":{"start":{"line":4,"column":0},"end":{"line":4,"column":12}},"4":{"start":{"line":5,"column":0},"end":{"line":5,"column":13}},"5":{"start":{"line":6,"column":0},"end":{"line":6,"column":16}},"7":{"start":{"line":8,"column":0},"end":{"line":8,"column":17}},"8":{"start":{"line":9,"column":0},"end":{"line":9,"column":14}},"10":{"start":{"line":11,"column":0},"end":{"line":11,"column":2}},"12":{"start":{"line":13,"column":0},"end":{"line":13,"column":23}}},"s":{"0":0,"2":0,"3":0,"4":0,"5":0,"7":0,"8":0,"10":0,"12":0},"branchMap":{"0":{"type":"branch","line":1,"loc":{"start":{"line":1,"column":91},"end":{"line":13,"column":-146}},"locations":[{"start":{"line":1,"column":91},"end":{"line":13,"column":-146}}]}},"b":{"0":[0]},"fnMap":{"0":{"name":"(empty-report)","decl":{"start":{"line":1,"column":91},"end":{"line":13,"column":-146}},"loc":{"start":{"line":1,"column":91},"end":{"line":13,"column":-146}},"line":1}},"f":{"0":0}}
,"/Users/ayoposiolubamisaye/the-detailers-edge/src/pages/index.jsx": {"path":"/Users/ayoposiolubamisaye/the-detailers-edge/src/pages/index.jsx","all":false,"statementMap":{"0":{"start":{"line":1,"column":0},"end":{"line":1,"column":26}},"1":{"start":{"line":2,"column":0},"end":{"line":2,"column":39}},"2":{"start":{"line":3,"column":0},"end":{"line":3,"column":39}},"3":{"start":{"line":4,"column":0},"end":{"line":4,"column":45}},"4":{"start":{"line":5,"column":0},"end":{"line":5,"column":39}},"6":{"start":{"line":7,"column":0},"end":{"line":7,"column":29}},"11":{"start":{"line":12,"column":0},"end":{"line":12,"column":38}},"14":{"start":{"line":15,"column":0},"end":{"line":15,"column":34}},"27":{"start":{"line":28,"column":0},"end":{"line":28,"column":32}},"38":{"start":{"line":39,"column":0},"end":{"line":39,"column":31}},"44":{"start":{"line":45,"column":0},"end":{"line":45,"column":33}},"49":{"start":{"line":50,"column":0},"end":{"line":50,"column":30}},"55":{"start":{"line":56,"column":0},"end":{"line":56,"column":40}},"56":{"start":{"line":57,"column":0},"end":{"line":57,"column":36}},"65":{"start":{"line":66,"column":0},"end":{"line":66,"column":42}},"71":{"start":{"line":72,"column":0},"end":{"line":72,"column":32}},"74":{"start":{"line":75,"column":0},"end":{"line":75,"column":36}},"75":{"start":{"line":76,"column":0},"end":{"line":76,"column":32}},"84":{"start":{"line":85,"column":0},"end":{"line":85,"column":38}},"90":{"start":{"line":91,"column":0},"end":{"line":91,"column":20}},"91":{"start":{"line":92,"column":0},"end":{"line":92,"column":12}},"92":{"start":{"line":93,"column":0},"end":{"line":93,"column":19}},"93":{"start":{"line":94,"column":0},"end":{"line":94,"column":28}},"94":{"start":{"line":95,"column":0},"end":{"line":95,"column":30}},"95":{"start":{"line":96,"column":0},"end":{"line":96,"column":60}},"96":{"start":{"line":97,"column":0},"end":{"line":97,"column":31}},"97":{"start":{"line":98,"column":0},"end":{"line":98,"column":29}},"98":{"start":{"line":99,"column":0},"end":{"line":99,"column":58}},"99":{"start":{"line":100,"column":0},"end":{"line":100,"column":23}},"103":{"start":{"line":104,"column":0},"end":{"line":104,"column":24}},"104":{"start":{"line":105,"column":0},"end":{"line":105,"column":67}},"105":{"start":{"line":106,"column":0},"end":{"line":106,"column":30}},"106":{"start":{"line":107,"column":0},"end":{"line":107,"column":29}},"107":{"start":{"line":108,"column":0},"end":{"line":108,"column":20}},"109":{"start":{"line":110,"column":0},"end":{"line":110,"column":2}},"111":{"start":{"line":112,"column":0},"end":{"line":112,"column":20}}},"s":{"0":1,"1":1,"2":1,"3":1,"4":1,"6":1,"11":1,"14":1,"27":1,"38":1,"44":1,"49":1,"55":1,"56":1,"65":1,"71":1,"74":1,"75":1,"84":1,"90":1,"91":3,"92":3,"93":3,"94":3,"95":3,"96":3,"97":3,"98":3,"99":3,"103":3,"104":3,"105":3,"106":3,"107":3,"109":3,"111":1},"branchMap":{"0":{"type":"branch","line":91,"loc":{"start":{"line":91,"column":13},"end":{"line":110,"column":2}},"locations":[{"start":{"line":91,"column":13},"end":{"line":110,"column":2}}]}},"b":{"0":[3]},"fnMap":{"0":{"name":"Home","decl":{"start":{"line":91,"column":13},"end":{"line":110,"column":2}},"loc":{"start":{"line":91,"column":13},"end":{"line":110,"column":2}},"line":91}},"f":{"0":3}}
,"/Users/ayoposiolubamisaye/the-detailers-edge/src/pages/portfolio.jsx": {"path":"/Users/ayoposiolubamisaye/the-detailers-edge/src/pages/portfolio.jsx","all":true,"statementMap":{"0":{"start":{"line":1,"column":0},"end":{"line":1,"column":26}},"2":{"start":{"line":3,"column":0},"end":{"line":3,"column":25}},"3":{"start":{"line":4,"column":0},"end":{"line":4,"column":48}},"4":{"start":{"line":5,"column":0},"end":{"line":5,"column":2}},"6":{"start":{"line":7,"column":0},"end":{"line":7,"column":25}}},"s":{"0":0,"2":0,"3":0,"4":0,"6":0},"branchMap":{"0":{"type":"branch","line":1,"loc":{"start":{"line":1,"column":65},"end":{"line":7,"column":-81}},"locations":[{"start":{"line":1,"column":65},"end":{"line":7,"column":-81}}]}},"b":{"0":[0]},"fnMap":{"0":{"name":"(empty-report)","decl":{"start":{"line":1,"column":65},"end":{"line":7,"column":-81}},"loc":{"start":{"line":1,"column":65},"end":{"line":7,"column":-81}},"line":1}},"f":{"0":0}}
,"/Users/ayoposiolubamisaye/the-detailers-edge/src/pages/services.jsx": {"path":"/Users/ayoposiolubamisaye/the-detailers-edge/src/pages/services.jsx","all":true,"statementMap":{"0":{"start":{"line":1,"column":0},"end":{"line":1,"column":26}},"2":{"start":{"line":3,"column":0},"end":{"line":3,"column":24}},"3":{"start":{"line":4,"column":0},"end":{"line":4,"column":12}},"4":{"start":{"line":5,"column":0},"end":{"line":5,"column":13}},"5":{"start":{"line":6,"column":0},"end":{"line":6,"column":16}},"7":{"start":{"line":8,"column":0},"end":{"line":8,"column":17}},"8":{"start":{"line":9,"column":0},"end":{"line":9,"column":14}},"10":{"start":{"line":11,"column":0},"end":{"line":11,"column":2}},"12":{"start":{"line":13,"column":0},"end":{"line":13,"column":24}}},"s":{"0":0,"2":0,"3":0,"4":0,"5":0,"7":0,"8":0,"10":0,"12":0},"branchMap":{"0":{"type":"branch","line":1,"loc":{"start":{"line":1,"column":92},"end":{"line":13,"column":-158}},"locations":[{"start":{"line":1,"column":92},"end":{"line":13,"column":-158}}]}},"b":{"0":[0]},"fnMap":{"0":{"name":"(empty-report)","decl":{"start":{"line":1,"column":92},"end":{"line":13,"column":-158}},"loc":{"start":{"line":1,"column":92},"end":{"line":13,"column":-158}},"line":1}},"f":{"0":0}}
,"/Users/ayoposiolubamisaye/the-detailers-edge/src/pages/signup.jsx": {"path":"/Users/ayoposiolubamisaye/the-detailers-edge/src/pages/signup.jsx","all":false,"statementMap":{"0":{"start":{"line":1,"column":0},"end":{"line":1,"column":40}},"1":{"start":{"line":2,"column":0},"end":{"line":2,"column":43}},"2":{"start":{"line":3,"column":0},"end":{"line":3,"column":59}},"3":{"start":{"line":4,"column":0},"end":{"line":4,"column":35}},"4":{"start":{"line":5,"column":0},"end":{"line":5,"column":47}},"6":{"start":{"line":7,"column":0},"end":{"line":7,"column":22}},"7":{"start":{"line":8,"column":0},"end":{"line":8,"column":58}},"8":{"start":{"line":9,"column":0},"end":{"line":9,"column":41}},"9":{"start":{"line":10,"column":0},"end":{"line":10,"column":47}},"10":{"start":{"line":11,"column":0},"end":{"line":11,"column":41}},"11":{"start":{"line":12,"column":0},"end":{"line":12,"column":48}},"12":{"start":{"line":13,"column":0},"end":{"line":13,"column":33}},"14":{"start":{"line":15,"column":0},"end":{"line":15,"column":37}},"15":{"start":{"line":16,"column":0},"end":{"line":16,"column":23}},"16":{"start":{"line":17,"column":0},"end":{"line":17,"column":17}},"17":{"start":{"line":18,"column":0},"end":{"line":18,"column":21}},"19":{"start":{"line":20,"column":0},"end":{"line":20,"column":9}},"20":{"start":{"line":21,"column":0},"end":{"line":21,"column":63}},"21":{"start":{"line":22,"column":0},"end":{"line":22,"column":29}},"22":{"start":{"line":23,"column":0},"end":{"line":23,"column":19}},"23":{"start":{"line":24,"column":0},"end":{"line":24,"column":25}},"24":{"start":{"line":25,"column":0},"end":{"line":25,"column":35}},"25":{"start":{"line":26,"column":0},"end":{"line":26,"column":55}},"26":{"start":{"line":27,"column":0},"end":{"line":27,"column":16}},"27":{"start":{"line":28,"column":0},"end":{"line":28,"column":35}},"28":{"start":{"line":29,"column":0},"end":{"line":29,"column":41}},"29":{"start":{"line":30,"column":0},"end":{"line":30,"column":16}},"30":{"start":{"line":31,"column":0},"end":{"line":31,"column":34}},"31":{"start":{"line":32,"column":0},"end":{"line":32,"column":44}},"32":{"start":{"line":33,"column":0},"end":{"line":33,"column":16}},"33":{"start":{"line":34,"column":0},"end":{"line":34,"column":16}},"34":{"start":{"line":35,"column":0},"end":{"line":35,"column":56}},"35":{"start":{"line":36,"column":0},"end":{"line":36,"column":7}},"36":{"start":{"line":37,"column":0},"end":{"line":37,"column":15}},"37":{"start":{"line":38,"column":0},"end":{"line":38,"column":24}},"38":{"start":{"line":39,"column":0},"end":{"line":39,"column":5}},"39":{"start":{"line":40,"column":0},"end":{"line":40,"column":4}},"41":{"start":{"line":42,"column":0},"end":{"line":42,"column":10}},"43":{"start":{"line":44,"column":0},"end":{"line":44,"column":80}},"44":{"start":{"line":45,"column":0},"end":{"line":45,"column":49}},"45":{"start":{"line":46,"column":0},"end":{"line":46,"column":37}},"46":{"start":{"line":47,"column":0},"end":{"line":47,"column":81}},"47":{"start":{"line":48,"column":0},"end":{"line":48,"column":73}},"48":{"start":{"line":49,"column":0},"end":{"line":49,"column":14}},"50":{"start":{"line":51,"column":0},"end":{"line":51,"column":65}},"51":{"start":{"line":52,"column":0},"end":{"line":52,"column":21}},"52":{"start":{"line":53,"column":0},"end":{"line":53,"column":97}},"53":{"start":{"line":54,"column":0},"end":{"line":54,"column":21}},"54":{"start":{"line":55,"column":0},"end":{"line":55,"column":18}},"57":{"start":{"line":58,"column":0},"end":{"line":58,"column":37}},"58":{"start":{"line":59,"column":0},"end":{"line":59,"column":17}},"59":{"start":{"line":60,"column":0},"end":{"line":60,"column":95}},"61":{"start":{"line":62,"column":0},"end":{"line":62,"column":22}},"62":{"start":{"line":63,"column":0},"end":{"line":63,"column":20}},"63":{"start":{"line":64,"column":0},"end":{"line":64,"column":26}},"64":{"start":{"line":65,"column":0},"end":{"line":65,"column":28}},"65":{"start":{"line":66,"column":0},"end":{"line":66,"column":24}},"66":{"start":{"line":67,"column":0},"end":{"line":67,"column":29}},"67":{"start":{"line":68,"column":0},"end":{"line":68,"column":58}},"68":{"start":{"line":69,"column":0},"end":{"line":69,"column":166}},"69":{"start":{"line":70,"column":0},"end":{"line":70,"column":46}},"70":{"start":{"line":71,"column":0},"end":{"line":71,"column":34}},"71":{"start":{"line":72,"column":0},"end":{"line":72,"column":16}},"72":{"start":{"line":73,"column":0},"end":{"line":73,"column":18}},"74":{"start":{"line":75,"column":0},"end":{"line":75,"column":17}},"75":{"start":{"line":76,"column":0},"end":{"line":76,"column":98}},"77":{"start":{"line":78,"column":0},"end":{"line":78,"column":22}},"78":{"start":{"line":79,"column":0},"end":{"line":79,"column":40}},"79":{"start":{"line":80,"column":0},"end":{"line":80,"column":22}},"80":{"start":{"line":81,"column":0},"end":{"line":81,"column":31}},"81":{"start":{"line":82,"column":0},"end":{"line":82,"column":59}},"82":{"start":{"line":83,"column":0},"end":{"line":83,"column":26}},"83":{"start":{"line":84,"column":0},"end":{"line":84,"column":34}},"84":{"start":{"line":85,"column":0},"end":{"line":85,"column":63}},"85":{"start":{"line":86,"column":0},"end":{"line":86,"column":168}},"86":{"start":{"line":87,"column":0},"end":{"line":87,"column":51}},"87":{"start":{"line":88,"column":0},"end":{"line":88,"column":36}},"88":{"start":{"line":89,"column":0},"end":{"line":89,"column":18}},"89":{"start":{"line":90,"column":0},"end":{"line":90,"column":23}},"90":{"start":{"line":91,"column":0},"end":{"line":91,"column":31}},"91":{"start":{"line":92,"column":0},"end":{"line":92,"column":64}},"92":{"start":{"line":93,"column":0},"end":{"line":93,"column":135}},"93":{"start":{"line":94,"column":0},"end":{"line":94,"column":36}},"95":{"start":{"line":96,"column":0},"end":{"line":96,"column":75}},"96":{"start":{"line":97,"column":0},"end":{"line":97,"column":25}},"97":{"start":{"line":98,"column":0},"end":{"line":98,"column":20}},"98":{"start":{"line":99,"column":0},"end":{"line":99,"column":18}},"99":{"start":{"line":100,"column":0},"end":{"line":100,"column":16}},"101":{"start":{"line":102,"column":0},"end":{"line":102,"column":17}},"102":{"start":{"line":103,"column":0},"end":{"line":103,"column":25}},"103":{"start":{"line":104,"column":0},"end":{"line":104,"column":185}},"104":{"start":{"line":105,"column":0},"end":{"line":105,"column":30}},"106":{"start":{"line":107,"column":0},"end":{"line":107,"column":51}},"107":{"start":{"line":108,"column":0},"end":{"line":108,"column":19}},"108":{"start":{"line":109,"column":0},"end":{"line":109,"column":15}},"109":{"start":{"line":110,"column":0},"end":{"line":110,"column":12}},"110":{"start":{"line":111,"column":0},"end":{"line":111,"column":10}},"112":{"start":{"line":113,"column":0},"end":{"line":113,"column":2}},"114":{"start":{"line":115,"column":0},"end":{"line":115,"column":21}}},"s":{"0":1,"1":1,"2":1,"3":1,"4":1,"6":1,"7":16,"8":16,"9":16,"10":16,"11":16,"12":16,"14":16,"15":2,"16":2,"17":2,"19":2,"20":2,"21":0,"22":2,"23":1,"24":1,"25":0,"26":0,"27":1,"28":1,"29":1,"30":1,"31":0,"32":0,"33":1,"34":0,"35":1,"36":1,"37":1,"38":1,"39":2,"41":16,"43":16,"44":16,"45":16,"46":16,"47":16,"48":16,"50":16,"51":16,"52":1,"53":1,"54":1,"57":16,"58":16,"59":16,"61":16,"62":16,"63":16,"64":16,"65":16,"66":16,"67":16,"68":16,"69":16,"70":16,"71":16,"72":16,"74":16,"75":16,"77":16,"78":16,"79":16,"80":16,"81":16,"82":16,"83":16,"84":16,"85":16,"86":16,"87":16,"88":16,"89":16,"90":16,"91":16,"92":16,"93":16,"95":16,"96":16,"97":16,"98":16,"99":16,"101":16,"102":16,"103":16,"104":16,"106":16,"107":16,"108":16,"109":16,"110":16,"112":16,"114":1},"branchMap":{"0":{"type":"branch","line":7,"loc":{"start":{"line":7,"column":14},"end":{"line":113,"column":2}},"locations":[{"start":{"line":7,"column":14},"end":{"line":113,"column":2}}]},"1":{"type":"branch","line":52,"loc":{"start":{"line":52,"column":11},"end":{"line":55,"column":18}},"locations":[{"start":{"line":52,"column":11},"end":{"line":55,"column":18}}]},"2":{"type":"branch","line":82,"loc":{"start":{"line":82,"column":24},"end":{"line":82,"column":48}},"locations":[{"start":{"line":82,"column":24},"end":{"line":82,"column":48}}]},"3":{"type":"branch","line":82,"loc":{"start":{"line":82,"column":39},"end":{"line":82,"column":59}},"locations":[{"start":{"line":82,"column":39},"end":{"line":82,"column":59}}]},"4":{"type":"branch","line":96,"loc":{"start":{"line":96,"column":19},"end":{"line":96,"column":57}},"locations":[{"start":{"line":96,"column":19},"end":{"line":96,"column":57}}]},"5":{"type":"branch","line":96,"loc":{"start":{"line":96,"column":52},"end":{"line":96,"column":75}},"locations":[{"start":{"line":96,"column":52},"end":{"line":96,"column":75}}]},"6":{"type":"branch","line":107,"loc":{"start":{"line":107,"column":13},"end":{"line":107,"column":41}},"locations":[{"start":{"line":107,"column":13},"end":{"line":107,"column":41}}]},"7":{"type":"branch","line":107,"loc":{"start":{"line":107,"column":23},"end":{"line":107,"column":51}},"locations":[{"start":{"line":107,"column":23},"end":{"line":107,"column":51}}]},"8":{"type":"branch","line":15,"loc":{"start":{"line":15,"column":23},"end":{"line":40,"column":4}},"locations":[{"start":{"line":15,"column":23},"end":{"line":40,"column":4}}]},"9":{"type":"branch","line":21,"loc":{"start":{"line":21,"column":60},"end":{"line":23,"column":13}},"locations":[{"start":{"line":21,"column":60},"end":{"line":23,"column":13}}]},"10":{"type":"branch","line":23,"loc":{"start":{"line":23,"column":4},"end":{"line":39,"column":5}},"locations":[{"start":{"line":23,"column":4},"end":{"line":39,"column":5}}]},"11":{"type":"branch","line":25,"loc":{"start":{"line":25,"column":8},"end":{"line":27,"column":16}},"locations":[{"start":{"line":25,"column":8},"end":{"line":27,"column":16}}]},"12":{"type":"branch","line":31,"loc":{"start":{"line":31,"column":8},"end":{"line":33,"column":16}},"locations":[{"start":{"line":31,"column":8},"end":{"line":33,"column":16}}]},"13":{"type":"branch","line":34,"loc":{"start":{"line":34,"column":8},"end":{"line":35,"column":56}},"locations":[{"start":{"line":34,"column":8},"end":{"line":35,"column":56}}]},"14":{"type":"branch","line":68,"loc":{"start":{"line":68,"column":26},"end":{"line":68,"column":58}},"locations":[{"start":{"line":68,"column":26},"end":{"line":68,"column":58}}]},"15":{"type":"branch","line":85,"loc":{"start":{"line":85,"column":28},"end":{"line":85,"column":63}},"locations":[{"start":{"line":85,"column":28},"end":{"line":85,"column":63}}]},"16":{"type":"branch","line":92,"loc":{"start":{"line":92,"column":27},"end":{"line":92,"column":64}},"locations":[{"start":{"line":92,"column":27},"end":{"line":92,"column":64}}]}},"b":{"0":[16],"1":[1],"2":[1],"3":[15],"4":[1],"5":[15],"6":[2],"7":[14],"8":[2],"9":[0],"10":[1],"11":[0],"12":[0],"13":[0],"14":[3],"15":[3],"16":[2]},"fnMap":{"0":{"name":"Login","decl":{"start":{"line":7,"column":14},"end":{"line":113,"column":2}},"loc":{"start":{"line":7,"column":14},"end":{"line":113,"column":2}},"line":7},"1":{"name":"handleSubmit","decl":{"start":{"line":15,"column":23},"end":{"line":40,"column":4}},"loc":{"start":{"line":15,"column":23},"end":{"line":40,"column":4}},"line":15},"2":{"name":"onChange","decl":{"start":{"line":68,"column":26},"end":{"line":68,"column":58}},"loc":{"start":{"line":68,"column":26},"end":{"line":68,"column":58}},"line":68},"3":{"name":"onChange","decl":{"start":{"line":85,"column":28},"end":{"line":85,"column":63}},"loc":{"start":{"line":85,"column":28},"end":{"line":85,"column":63}},"line":85},"4":{"name":"onClick","decl":{"start":{"line":92,"column":27},"end":{"line":92,"column":64}},"loc":{"start":{"line":92,"column":27},"end":{"line":92,"column":64}},"line":92}},"f":{"0":16,"1":2,"2":3,"3":3,"4":2}}
,"/Users/ayoposiolubamisaye/the-detailers-edge/src/pages/testimonials.jsx": {"path":"/Users/ayoposiolubamisaye/the-detailers-edge/src/pages/testimonials.jsx","all":true,"statementMap":{"0":{"start":{"line":1,"column":0},"end":{"line":1,"column":26}},"2":{"start":{"line":3,"column":0},"end":{"line":3,"column":28}},"3":{"start":{"line":4,"column":0},"end":{"line":4,"column":51}},"4":{"start":{"line":5,"column":0},"end":{"line":5,"column":2}},"6":{"start":{"line":7,"column":0},"end":{"line":7,"column":28}}},"s":{"0":0,"2":0,"3":0,"4":0,"6":0},"branchMap":{"0":{"type":"branch","line":1,"loc":{"start":{"line":1,"column":68},"end":{"line":7,"column":-87}},"locations":[{"start":{"line":1,"column":68},"end":{"line":7,"column":-87}}]}},"b":{"0":[0]},"fnMap":{"0":{"name":"(empty-report)","decl":{"start":{"line":1,"column":68},"end":{"line":7,"column":-87}},"loc":{"start":{"line":1,"column":68},"end":{"line":7,"column":-87}},"line":1}},"f":{"0":0}}
,"/Users/ayoposiolubamisaye/the-detailers-edge/src/styles/colors.jsx": {"path":"/Users/ayoposiolubamisaye/the-detailers-edge/src/styles/colors.jsx","all":false,"statementMap":{"0":{"start":{"line":1,"column":0},"end":{"line":1,"column":16}},"1":{"start":{"line":2,"column":0},"end":{"line":2,"column":46}},"2":{"start":{"line":3,"column":0},"end":{"line":3,"column":71}},"3":{"start":{"line":4,"column":0},"end":{"line":4,"column":57}},"4":{"start":{"line":5,"column":0},"end":{"line":5,"column":59}},"5":{"start":{"line":6,"column":0},"end":{"line":6,"column":81}},"6":{"start":{"line":7,"column":0},"end":{"line":7,"column":2}},"8":{"start":{"line":9,"column":0},"end":{"line":9,"column":22}}},"s":{"0":1,"1":1,"2":1,"3":1,"4":1,"5":1,"6":1,"8":1},"branchMap":{},"b":{},"fnMap":{},"f":{}}
}
